# By Brian Khuu (2017)
!{"command":"INIT"}
!{"command":"DATA","compressed":0,"more":1}
FF FF FF FF FF FF FF FF FF FF FF FF FF FF FF FF
FF FF FF FF FF FF FF FF FF FF FF FF FF FF FF FF
FF FF FF FF FF FF FF FF FF FF FF FF FF FF FF FF
FF FF FF FF FF FF FF FF FF FF FF FF FF FF FF FF
FF FF FF FF FF FF FF FF FF FF FF FF FF FF FF FF
FF FF FF FF FE FF FE FE FE FE FE FE FE FE FE FE
FF FF FF FF 1C FF 3E 1C 0C 1C 04 0C 0C 04 24 04
FF FF FF FF 63 FF 07 63 43 23 63 3F 02 62 02 62
FF FF FF FF FF FF FF FF FF FF F7 FE 03 01 11 00
FF FF FF FF FF FF 8F FF 47 8F 05 03 00 8E C8 8C
FF FF FF FF FF FF FF FF FF FF 7F 9F 0E 04 E0 46
FF FF FF FF FF FF FF FF FF FF E7 FF 41 03 21 01
FF FF FF FF F8 FF F0 F8 F0 F8 E0 F8 C0 80 18 00
FF FF FF FF FF FF 7F FF 7E FF 6D F3 61 C0 44 8C
FF FF FF FF BF FF BF 1F 5F 0F 0F 1F 9F FF 3F 7F
FF FF FF FF FF FF FF FF FF FF FF FF FF FF FF FF
FF FF FF FF FF FF FF FF FF FF FF FF FF FF FF FF
FF FF FF FF FF FF FF FF FF FF FF FF FF FF FF FF
FF FF FF FF FF FF FF FF FF FF FF FF FF FF FF FF
FF FF FF FF FF FF FF FF FF FF FF FF FF FF FF FF
FF FF FF FF FF FF FF FF FF FF FF FF FF FF FF FF
FF FF FF FF FF FF FF FF FF FF FF FF FF FF FF FF
FF FF FF FF FF FF FF FF FF FF FF FF FF FF FF FF
FF FF FF FF FF FF FF FF FF FF FF FF FF FF FF FF
FF FF FF FF FF FF FF FF FF FF FF FF FF FF FF FF
FE FE FE FE FE FE FE FE FE FE FF FF FF FF FF FF
24 10 30 10 30 18 3C 18 18 3C FF FF FF FF FF FF
02 62 02 62 02 62 42 22 02 62 FF FF FF FF FF FF
19 30 19 30 19 30 19 30 11 38 FF FF FF FF FF FF
4C 88 4C 88 4C 88 48 8C CC 8E FF FF FF FF FF FF
06 00 FA 04 7A E4 A2 44 06 0C FF FF FF FF FF FF
20 31 21 30 20 31 21 31 61 31 FF FF FF FF FF FF
00 18 00 18 00 18 98 00 C0 80 FF FF FF FF FF FF
04 8C 84 0C 04 8C 48 84 61 C0 FF FF FF FF FF FF
7F 3F 7F 3F 7F 3F 3F 7F 7F FF FF FF FF FF FF FF
FF FF FF FF FF FF FF FF FF FF FF FF FF FF FF FF
FF FF FF FF FF FF FF FF FF FF FF FF FF FF FF FF
FF FF FF FF FF FF FF FF FF FF FF FF FF FF FF FF
FF FF FF FF FF FF FF FF FF FF FF FF FF FF FF FF
FF FF FF FF FF FF FF FF FF FF FF FF FF FF FF FF
!{"command":"INQY","status":{"lowbatt":0,"jam":0,"err":0,"pkterr":0,"unproc":1,"full":0,"bsy":0,"chk_err":0}}
!{"command":"DATA","compressed":0,"more":1}
FF FF FF FF FF FF FF FF FF FF FF FF FF FF FF FF
FF FF FF FF FF FF FF FF FF FF FF FF FF FF FF FF
55 00 7F 00 55 00 FF 00 55 00 FF 00 55 00 FF 00
77 00 FF 00 55 00 FF 00 77 00 FF 00 5D 00 FF 00
75 00 FF 00 55 00 FF 00 77 00 FF 00 D5 00 FF 00
77 00 FF 00 DF 00 FF 00 55 00 BF 00 55 00 FF 00
7F 00 FF 00 DD 00 FF 00 55 00 BF 00 55 00 FF 00
E7 10 FF 00 55 00 FF 00 77 00 FF 00 D5 00 FF 00
77 00 FF 00 5F 00 FF 00 77 00 FF 00 5A 05 FF 00
7E 01 FF 00 FF 00 FF 00 7E 01 FF 00 AB 55 F3 0C
AA 55 FF 00 DA 05 F0 0F AA 55 CD 32 AA 55 87 78
AB 55 C4 3B AA 55 00 FF AA 55 40 BF AA 55 D6 29
85 7F 00 FF 14 FF 00 FF A3 5D 04 FB AA 55 20 DF
D7 7D 00 FF 5F F5 00 FF AA 55 00 FF AA 55 00 FF
18 F7 00 FF 22 DD 05 FA AA 55 DC 23 AA 55 04 FB
C0 7F 40 BF 2A D5 10 EF 8A 75 84 7B AA 55 14 EB
22 DD 00 FF AA 55 01 FE AA 55 00 FF AA 55 00 FF
AA 55 4C B3 AA 55 55 AA AA 55 54 AB AA 55 F5 0A
FF FF FF FF FF FF FF FF FF FF FF FF FF FF FF FF
FF FF FF FF FF FF FF FF FF FF FF FF FF FF FF FF
FF FF FF FF FF FF FF FF FF FF FF FF FF FF FF FF
FF FF FF FF FF FF FF FF FF FF FF FF FF FF FF FF
57 00 FF 00 55 00 FF 00 55 00 7B 00 55 00 FF 00
75 00 FB 00 55 00 FF 00 55 00 FF 00 55 00 FF 00
55 00 BB 00 55 00 FF 00 55 00 BB 00 55 00 FF 00
55 00 FB 00 55 00 FF 00 55 00 BF 00 5C 01 FF 00
55 00 FF 00 57 00 FF 00 76 01 FF 00 3E 41 FF 00
57 00 FF 00 FA 05 FF 00 6B 14 FE 01 DB 04 CF 30
6A 15 F6 09 A9 56 EB 1C 99 77 FF 00 5D 00 FF 00
87 70 FF 80 5F 00 FF 00 D6 01 3F F0 A4 5F F6 09
68 17 FF 00 FD 00 FF 00 77 03 FF 0F B7 7C 6F F8
AA 55 0C F3 54 3F FB FC C6 F1 FF 80 7E 01 FF 00
AA 55 4A B5 AA 55 00 FF 5A 05 DF 20 FA 05 FF 00
A8 57 40 BF 82 7D 7D 82 EA 55 15 EA FA 15 FA 3F
AA 55 00 FF 82 7D 00 FF AB 55 41 BE A8 57 14 EB
8A 75 00 FF 0A F5 00 FF CA 75 40 BF A2 5D 08 F7
AA 55 00 FF 22 DD 01 FE 8A 75 00 FF A2 5D 03 FC
AA 55 C5 3A AA 55 F5 0A AA 55 CD 32 AA 55 F5 0A
FF FF FF FF FF FF FF FF FF FF FF FF FF FF FF FF
FF FF FF FF FF FF FF FF FF FF FF FF FF FF FF FF
!{"command":"DATA","compressed":0,"more":1}
FF FF FF FF FF FF FF FF FF FF FF FF FF FF FF FF
FF FF FF FF FF FF FF FF FF FF FF FF FF FF FF FF
55 00 7B 00 55 00 FF 00 57 00 FF 00 5F 00 FF 00
55 00 BF 00 55 00 FF 00 77 00 FF 00 DD 00 FF 00
77 00 FF 00 5F 00 FF 00 F7 00 FF 00 55 00 FD 03
7E 01 FF 00 D5 00 FE 01 5B 04 F8 10 C0 40 80 00
76 01 FD 02 85 7F 06 8F 01 00 00 00 00 00 00 00
F7 00 FF 00 D5 00 AF F0 D7 FC 11 3F 05 02 02 03
77 00 FF 00 DD 00 FE 01 7F 07 7D 9F 94 7F E7 BC
71 07 FF 0F 95 7F FB FC 5E F1 BF C0 AA 55 FF 00
D6 7D B9 F3 A8 54 F8 07 AE 51 FF 00 BA 45 FF 00
6E 11 BF C0 39 74 57 8F 9C 71 F2 0F A9 57 F7 0F
2B 54 FF 03 BD 47 5F BF F4 FF F7 3C F9 FF 89 C6
F6 FD FF F0 FF C0 7F 80 7E 01 FF 00 5F 80 7F F0
8A 75 F8 07 BE 41 FF 00 BF 40 FD 02 BE 41 FF 00
AA 55 05 FA EA 55 C1 3E AF 57 DF 2F 9F 7F 7E FF
1A F5 04 FB 8A 75 F5 0A AA 55 C1 3E AA 55 40 BF
AA 55 5D A2 AA 55 55 AA AA 55 C0 3F AA 55 0D F2
FF FF FF FF FF FF FF FF FF FF FF FF FF FF FF FF
FF FF FF FF FF FF FF FF FF FF FF FF FF FF FF FF
FF FF FF FF FF FF FF FF FF FF FF FF FF FF FF FF
FF FF FF FF FF FF FF FF FF FF FF FF FF FF FF FF
77 00 FF 00 5D 00 FF 00 77 00 FF 00 5D 00 FF 00
77 00 FF 00 DD 00 FF 00 75 00 FF 00 55 00 FF 00
74 04 F8 0C 47 1E E1 1F 75 13 E8 10 45 10 FA 00
00 00 00 00 00 00 E0 C0 B0 70 9E EE 7F 11 8D 06
00 00 00 00 01 00 03 03 1D 0F 33 3F D4 FC C8 78
1D 0F 3F 3F DC FC 38 F0 C0 C0 80 00 00 00 00 00
F2 FD 88 07 01 00 00 00 00 00 00 00 00 00 00 00
72 05 3F C0 DD F0 1C 3F 07 03 01 00 01 01 07 07
EE 11 FF 00 EA 15 B9 07 45 FF AD DF 5F FD B1 FE
F7 1F 3E FC 5C F0 E0 E0 D1 80 00 00 84 C0 78 F0
11 00 02 00 55 00 00 00 11 00 00 00 15 00 00 00
C6 5F 36 09 57 01 0A 00 55 00 23 00 55 03 8F 07
7A 05 DF E3 FF 1F BB 67 7F 7F FF FF FF FF FE CF
F5 FF FF FF DD FF DE FF 55 FF FE FF 55 FF EE FF
AA 55 00 FF 8A 75 04 FB 88 77 00 FF E0 5F 00 FF
8A 75 04 FB 6A D5 00 FF AB 55 00 FF 23 DD 00 FF
FF FF FF FF FF FF FF FF FF FF FF FF FF FF FF FF
FF FF FF FF FF FF FF FF FF FF FF FF FF FF FF FF
!{"command":"INQY","status":{"lowbatt":0,"jam":0,"err":0,"pkterr":0,"unproc":1,"full":0,"bsy":0,"chk_err":0}}
!{"command":"DATA","compressed":0,"more":1}
FF FF FF FF FF FF FF FF FF FF FF FF FF FF FF FF
FF FF FF FF FF FF FF FF FF FF FF FF FF FF FF FF
75 00 FF 00 7D 00 FF 00 67 10 FF 00 2B 54 FF 00
57 00 FF 00 DE 01 FF 00 6F 10 FF 00 DD 00 FF 00
6D 10 FB 00 FD 00 F2 08 7D 00 BE 00 59 04 F8 04
51 01 21 00 55 00 8A 00 55 00 22 00 55 00 88 00
DC 78 DF E7 74 D9 A6 E7 71 E0 20 E0 B0 60 A0 60
00 00 80 00 C0 C0 B8 38 D7 CE 3B 31 05 04 01 01
00 00 00 00 00 00 03 03 0D 07 F8 DF 17 7D 92 9E
0D 1F 37 3F D5 FE 78 F8 60 F0 E0 C0 00 00 00 00
C0 C1 80 00 00 00 00 00 00 00 00 00 00 00 00 00
1F FE 11 3F 08 07 01 00 01 00 00 00 00 00 00 00
15 00 E2 C0 7D F0 3F FF 55 3F 1F 0F 5D 3F F7 7F
5D 0F 3B 3F 75 7C DF F8 77 F0 FF C0 9F C0 FF 80
ED 9F FF 0F AD 5F EF 1F ED 1F EF 1F FD 1F EF 1F
54 FF FA FF 74 FF FC FF 54 FF B5 FF 5D FF 78 FF
80 7F 00 FF 15 FF 00 FF 50 FF 00 FF 40 FF 00 FF
D9 77 00 FF 46 FD 00 FF 15 FF 00 FF 40 FF 00 FF
FF FF FF FF FF FF FF FF FF FF FF FF FF FF FF FF
FF FF FF FF FF FF FF FF FF FF FF FF FF FF FF FF
FF FF FF FF FF FF FF FF FF FF FF FF FF FF FF FF
FF FF FF FF FF FF FF FF FF FF FF FF FF FF FF FF
76 01 FF 00 54 01 FF 00 65 10 FF 00 4A 15 FF 00
77 00 FF 00 DF 00 FF 00 F7 00 FF 00 DD 00 FF 00
F1 04 FE 00 55 00 FD 02 76 01 FF 00 54 01 FF 01
55 00 22 00 55 00 00 00 55 80 20 E0 05 F8 B8 0E
70 60 30 60 10 70 18 70 10 70 58 30 70 10 18 30
00 00 00 00 00 00 00 00 00 00 00 00 00 00 00 00
5D 77 52 31 47 3E 30 38 30 30 30 38 3C 38 28 38
00 00 E0 C0 34 78 CE 8E 31 33 0E 04 01 01 00 00
00 00 00 00 00 00 00 00 C0 C0 F8 70 CF 1F 66 23
10 01 03 03 05 07 0C 1F 77 3F 7E FF 53 FD 20 FF
D5 FF B3 FF 45 FF 83 FF 77 DF 03 FF 15 FF 03 FF
F6 81 FF 80 DD 80 FF 80 F7 80 FF 80 DF 80 FF 80
FD 1F FF 1F F5 1F FB 1F FF 1F DF 3F DF 3E BF 7C
75 FF F8 FF ED F7 F0 CF A5 DF D9 2F B5 4F 78 8F
5D F7 20 FF 54 FF 80 FF 55 FF 81 FF 54 FF 80 FF
19 F7 01 FF 41 FF 00 FF 75 DF 21 FF 55 FF 00 FF
FF FF FF FF FF FF FF FF FF FF FF FF FF FF FF FF
FF FF FF FF FF FF FF FF FF FF FF FF FF FF FF FF
!{"command":"DATA","compressed":0,"more":1}
FF FF FF FF FF FF FF FF FF FF FF FF FF FF FF FF
FF FF FF FF FF FF FF FF FF FF FF FF FF FF FF FF
7E 01 FF 00 7D 00 FF 00 77 00 FF 00 3B 44 FF 00
77 00 FB 00 D5 00 FF 00 7F 00 FF 00 9D 40 FF 00
77 00 FE 01 D4 01 FE 01 74 01 FF 00 DD 00 FE 00
05 03 03 00 00 00 00 00 00 00 00 00 00 00 80 00
F0 10 00 F8 5C 38 08 1C 07 0E 04 0B 03 0C 04 0C
00 00 00 00 00 00 00 00 00 00 C0 80 70 70 AC 9C
2C 38 38 28 0C 38 28 18 34 18 22 1C 14 1C 06 1C
00 00 00 00 00 00 00 00 00 00 00 00 00 00 00 00
0D 09 03 07 03 03 02 03 02 03 03 03 02 03 02 03
57 FD C2 FF 57 FD 80 FF 15 FF 90 FF 14 FF 81 FF
57 FF 13 FF C5 7F 0B FF 57 FF 03 FF 77 DF 0B FF
FF 80 BF 81 FF 83 FF 87 6E 9F 37 BC 7D F9 FC F3
FE E9 F7 F8 5E F1 37 B8 7E 31 FF 30 3A F5 FF B0
A5 5F E6 1F A5 5F CE 3F B5 5F EB 1F B5 5F D6 3F
51 FF 80 FF 55 FF 80 FF 55 FF 80 FF 55 FF 00 FF
55 FF 09 FF 57 FD 00 FF 55 FF 09 FF 55 FF 80 FF
FF FF FF FF FF FF FF FF FF FF FF FF FF FF FF FF
FF FF FF FF FF FF FF FF FF FF FF FF FF FF FF FF
FF FF FF FF FF FF FF FF FF FF FF FF FF FF FF FF
FF FF FF FF FF FF FF FF FF FF FF FF FF FF FF FF
3E 41 FF 00 3A 45 FF 00 2E 51 FF 00 AA 55 FF 00
77 00 FF 00 B9 44 FF 00 FF 00 FF 00 DD 00 FF 00
55 00 FF 00 D5 00 FF 00 F5 00 FF 00 D9 04 FF 00
80 00 80 00 00 00 C0 00 00 40 E0 00 70 10 E8 0C
0C 04 0A 04 07 04 02 06 03 06 06 02 07 02 07 02
37 27 0B 09 07 02 01 00 00 00 00 00 00 00 00 00
1C 14 9E E4 44 7C 96 9C 77 2E 19 17 0F 0C 09 0F
00 00 00 00 00 00 00 00 00 00 80 80 F0 60 B8 18
01 03 02 03 03 01 00 03 03 01 03 01 01 01 03 01
55 FF F0 FF 57 FD C4 FF 55 FF D0 FF 57 FD C3 FF
17 FF 07 FF 55 FF 1F FF 17 FF 7F FF 5F F7 E7 FF
FF E1 FD C2 FE 01 FA 07 32 47 7C 07 7E 0D F1 0E
32 F5 FF 70 F2 75 3D F3 F7 77 E6 7F DF 7C FB 7C
F5 7F 7B FF FD DF 9D FF F5 1F F4 3F 95 7F E8 3F
51 FF 82 FF 55 FF 48 FF 55 FF 00 FF 50 FF 00 FF
D1 7F 01 FF 57 FD 01 FF 15 FF 00 FF 45 FF 08 FF
FF FF FF FF FF FF FF FF FF FF FF FF FF FF FF FF
FF FF FF FF FF FF FF FF FF FF FF FF FF FF FF FF
!{"command":"INQY","status":{"lowbatt":0,"jam":0,"err":0,"pkterr":0,"unproc":1,"full":0,"bsy":0,"chk_err":0}}
!{"command":"DATA","compressed":0,"more":1}
FF FF FF FF FF FF FF FF FF FF FF FF FF FF FF FF
FF FF FF FF FF FF FF FF FF FF FF FF FF FF FF FF
2A 55 EF 10 2A 55 F7 08 7F 00 FF 00 2A 55 FF 00
EE 11 FF 00 8D 50 FF 00 62 15 FF 00 9E 41 FF 00
57 00 FF 00 95 40 FF 00 77 00 FF 00 F5 00 FF 00
43 32 F4 00 45 10 F8 10 55 10 EA 10 45 10 F2 08
07 03 83 83 71 23 9D 1B 11 07 09 03 56 01 A8 03
00 00 80 00 00 00 80 00 00 00 80 80 70 C0 58 B0
0D 0E 0A 0E 0D 0E 08 0F 07 0D 09 07 07 05 05 07
47 46 3B 11 44 04 03 01 10 00 00 00 44 00 80 00
01 01 C1 81 71 71 BE 1F 75 47 1B 31 4C 04 03 03
55 FF 5F FF 55 FF 94 FF 5A FD F0 FF CA 75 40 FF
6F D7 C3 BF AF 57 02 FF 86 7F 07 FE 37 DE 07 FE
2B 54 D3 3C 57 39 A7 7B 2F 77 FF 0F F5 1F BA 7F
DE 71 BF F0 FA E5 F5 EA 7A E5 7D E2 5A E5 D7 E8
91 7F F0 3F 95 7F 20 FF F5 7F E2 7F 43 FD 88 FF
23 DD 00 FF C4 7F 00 FF D5 7F 00 FF 15 FF 01 FF
15 FF 14 FF 45 FF 00 FF 97 7D 11 FF 55 FF 01 FF
FF FF FF FF FF FF FF FF FF FF FF FF FF FF FF FF
FF FF FF FF FF FF FF FF FF FF FF FF FF FF FF FF
FF FF FF FF FF FF FF FF FF FF FF FF FF FF FF FF
FF FF FF FF FF FF FF FF FF FF FF FF FF FF FF FF
6E 11 FD 02 2A 55 FF 00 6E 11 FF 00 0A 55 FF 00
27 50 FF 00 BB 44 FF 00 A6 51 FF 00 BE 41 FF 00
75 00 FF 00 BB 44 FF 00 F7 00 FF 00 79 04 FF 00
75 08 FB 08 15 48 B6 48 57 04 BC 03 55 00 FF 00
57 01 BB 01 55 01 AA 01 54 01 AB 00 94 41 9D 60
1C CC 9B 93 C5 84 C3 83 C0 80 80 80 80 C0 60 C0
07 05 85 07 C5 C7 F1 67 DD 9F 3D 27 1D 0B 07 05
51 00 00 00 05 00 80 00 11 00 00 00 45 00 80 C0
11 01 03 01 55 01 01 01 55 01 03 01 55 01 09 01
69 D7 C0 FF 63 DD C0 FF 60 DF C0 FF 6E D5 C0 FF
DF 76 07 FF 87 7F 07 FF 8D 7F 1E FF 97 7F 7F FF
75 FF FB FF D5 FF AE FF 55 FF B5 FF 55 FF D5 FF
EB D5 FF C3 6D D7 EC DF F5 DF F0 FF D7 FD 88 FF
55 FF 00 FF 55 FF 00 FF 51 FF 20 FF 50 FF 80 FF
90 7F 01 FF 54 FF 40 FF D1 7F 20 FF 55 FF 00 FF
51 FF 01 FF 55 FF 10 FF D5 7F 01 FF 55 FF 00 FF
FF FF FF FF FF FF FF FF FF FF FF FF FF FF FF FF
FF FF FF FF FF FF FF FF FF FF FF FF FF FF FF FF
!{"command":"DATA","compressed":0,"more":1}
FF FF FF FF FF FF FF FF FF FF FF FF FF FF FF FF
FF FF FF FF FF FF FF FF FF FF FF FF FF FF FF FF
2A 55 FF 00 2B 54 FF 00 7F 00 FF 00 36 41 FF 00
EE 11 FF 00 AD 50 FF 00 3F 40 FF 00 CF 10 FF 00
77 00 FF 00 D5 00 FF 00 77 00 FF 00 D5 00 FF 00
75 00 FF 00 FD 00 FF 00 77 00 FF 00 DD 00 FF 00
6D 10 FB 04 D6 01 FF 00 76 01 FF 00 BD 40 FF 00
C0 40 60 C0 C0 40 60 C0 30 60 D8 30 5C 08 FA 06
03 03 02 03 03 03 03 03 03 03 03 03 01 03 03 01
B1 60 58 98 F5 26 03 99 44 84 A3 81 D4 80 80 80
15 01 03 01 55 01 89 81 F5 C1 B9 31 DF CD 2B 37
68 D7 C1 FF 6B D7 C7 FF 6D DF DF FF 57 FD D8 FF
7F FF B7 FF 57 FF DE FF 55 FF 7F FF 54 FF 4F FF
55 FF 57 FF 55 FF 5C FF 51 FF 20 FF 55 FF C0 FF
59 F7 40 FF 16 FD 01 FF DD 77 20 FF 6E D5 80 FF
10 FF 00 FF 54 FF 48 FF 53 FD 00 FF 95 7F 08 FF
55 FF 00 FF 45 FF 08 FF D1 7F 28 FF 55 FF 08 FF
51 FF 11 FF 57 FD 18 FF 55 FF 02 FF 51 FF 08 FF
FF FF FF FF FF FF FF FF FF FF FF FF FF FF FF FF
FF FF FF FF FF FF FF FF FF FF FF FF FF FF FF FF
FF FF FF FF FF FF FF FF FF FF FF FF FF FF FF FF
FF FF FF FF FF FF FF FF FF FF FF FF FF FF FF FF
57 00 FF 00 3D 40 FF 00 7F 00 FF 00 5A 05 FF 00
7E 01 FF 00 AB 54 FF 00 EF 10 FF 00 8A 55 FF 00
F7 00 FF 00 BD 40 FF 00 AE 51 FF 00 AA 55 FF 00
76 01 FF 00 CE 11 FF 00 56 01 FF 00 DB 04 FF 00
7E 01 FF 00 C8 15 FF 00 77 00 FF 00 D9 04 FF 00
77 01 FF 00 D5 00 FE 00 E5 10 FF 00 D5 00 FF 00
01 01 61 C1 E1 31 F9 09 55 07 FF 00 56 01 FF 00
D5 80 82 80 55 80 C8 80 15 C0 62 C0 F5 40 D8 30
5D 09 23 06 53 01 AB 01 55 01 2B 01 55 01 AB 01
51 FF 6D FF 55 FF C2 FF 77 DD DB FF 45 FF C0 FF
D7 7F 3F FF 55 FF 2D FF 55 FF 50 FF 56 FD 40 FF
D5 FF 00 FF 77 DD 00 FF 43 FD 00 FF 62 DD 00 FF
1C F7 00 FF 06 FD 00 FF 85 7F 10 FF 26 DD 00 FF
55 FF 00 FF 04 FF 09 FF 19 F7 00 FF E2 5D 00 FF
15 FF 04 FF 31 DF 00 FF 5D F7 00 FF 47 FD 00 FF
55 FF 01 FF 55 FF 00 FF 99 77 00 FF 01 FF 00 FF
FF FF FF FF FF FF FF FF FF FF FF FF FF FF FF FF
FF FF FF FF FF FF FF FF FF FF FF FF FF FF FF FF
!{"command":"INQY","status":{"lowbatt":0,"jam":0,"err":0,"pkterr":0,"unproc":1,"full":0,"bsy":0,"chk_err":0}}
!{"command":"DATA","compressed":0,"more":1}
FF FF FF FF FF FF FF FF FF FF FF FF FF FF FF FF
FF FF FF FF FF FF FF FF FF FF FF FF FF FF FF FF
2A 55 FF 00 3A 45 FF 00 2A 55 F6 09 AA 55 FF 00
3A 45 FD 02 AA 55 BF 40 AE 51 FF 00 BA 45 FF 00
AA 55 FF 00 AA 55 FF 00 AA 55 FF 00 AB 54 FF 00
67 10 FF 00 A5 50 FF 00 A7 50 FF 00 BB 44 FF 00
6A 15 FF 00 49 14 FF 00 67 10 FF 00 1D 40 FF 00
67 10 FF 00 D5 00 FF 00 76 01 FF 00 7E 01 FF 00
56 01 FE 01 CE 11 FF 00 B7 40 FF 00 4F 10 F7 08
A1 5C FB 06 0B D5 9C 63 BE 51 F3 0C F8 07 FD 03
55 01 2B 01 D5 01 6F C1 95 71 C3 3D 21 5F E0 1F
55 FF E1 FF 55 FF C4 FF 57 FD 50 FF 5B F5 40 FF
7C D7 00 FF 74 DF 00 FF A9 57 00 FF AA 55 52 AD
09 F7 00 FF AA 55 01 FE AA 55 00 FF 2A D5 02 FD
98 77 40 BF AA 55 00 FF 8A 75 00 FF AA 55 14 EB
DA 75 00 FF A8 57 00 FF AA 55 00 FF 0A F5 00 FF
1C F7 00 FF A2 5D 00 FF AA 55 40 BF 9A 75 00 FF
8E 75 00 FF 83 7D 00 FF 91 7F 01 FF 55 FF 00 FF
FF FF FF FF FF FF FF FF FF FF FF FF FF FF FF FF
FF FF FF FF FF FF FF FF FF FF FF FF FF FF FF FF
FF FF FF FF FF FF FF FF FF FF FF FF FF FF FF FF
FF FF FF FF FF FF FF FF FF FF FF FF FF FF FF FF
2F 50 DF 20 2A 55 FF 00 AA 55 DF 20 AA 55 BB 44
AE 51 FF 00 AA 55 FD 02 EA 15 FF 00 AA 55 FF 00
AA 55 FF 00 AB 54 FF 00 E6 11 DF 20 8A 55 FF 00
72 05 FF 00 DB 04 FF 00 3A 45 FD 02 AA 55 FF 00
F6 01 FF 00 9D 40 FF 00 A6 51 FE 01 A8 55 F5 0A
66 11 EE 11 DB 04 F2 0D AA 55 F8 07 AA 55 FF 00
AA 55 CF 30 AA 55 BD 42 AA 55 DF 20 AA 55 BF 40
AE 51 97 68 AA 55 FF 00 27 50 FF 00 DA 05 FF 00
2A D5 8C 73 EA 15 F7 08 72 05 FC 03 FA 05 B8 47
AA 55 BD 42 AA 55 67 98 AA 55 4C B3 AB 55 C0 3F
AA 55 44 BB AA 55 31 CE AA 55 8C 73 AA 55 A2 5D
D8 77 40 BF AE 55 60 9F A8 57 C0 3F AB 54 19 E6
AA 55 00 FF 88 77 00 FF 80 7F 40 BF AE 55 80 7F
80 7F 00 FF A6 5D 00 FF 89 77 04 FB EB 55 00 FF
3B D5 40 BF BB 55 00 FF A8 57 40 BF 00 FF 00 FF
D1 7F 01 FF 87 7D 00 FF 81 7F 00 FF 47 FD 01 FF
FF FF FF FF FF FF FF FF FF FF FF FF FF FF FF FF
FF FF FF FF FF FF FF FF FF FF FF FF FF FF FF FF
!{"command":"DATA","compressed":0,"more":1}
FF FF FF FF FF FF FF FF FF FF FF FF FF FF FF FF
FF FF FF FF FF FF FF FF FF FF FF FF FF FF FF FF
FF FF FF FF FF FF FF FF FF FF FF FF FF FF FF FF
FF FF FF FF FF FF FF FF FF FF FF FF FF FF FF FF
FF FF FF FF FF FF FF FF FF FF FF FF FF FF FF FF
FF FF FF FF FF FF FF FF FF FF FF FF FF FF FF FF
FF FF FF FF FF FF FE FF FC FE FC F8 F9 F1 E3 F3
FF FF FF FF FF FF 77 8F 0E 07 87 7E FC FE FE FC
FF FF FF FF FF FF BF 7E 3C 3E 1E 3C 18 3C 18 3C
FF FF FF FF FF FF 77 FB F1 73 61 73 21 63 20 43
FF FF FF FF FF FF 7B 87 81 03 83 3F 3F 3F 37 0F
FF FF FF FF FF FF BB C7 C3 83 D9 83 C1 9B 82 83
FF FF FF FF FF FF DE E3 C3 80 25 98 19 3C 78 3C
FF FF FF FF FF FF BB 7D 71 39 03 33 23 87 CF 87
FF FF AF D5 FB D5 FB D5 FF FF FF FF FF FF FF FF
FF FF FF FF FF FF FF FF FF FF FF FF FF FF FF FF
FF FF FF FF FF FF FF FF FF FF FF FF FF FF FF FF
FF FF FF FF FF FF FF FF FF FF FF FF FF FF FF FF
FF FF FF FF FF FF FF FF FF FF FF FF FF FF FF FF
FF FF FF FF FF FF FF FF FF FF FF FF FF FF FF FF
FF FF FF FF FF FF FF FF FF FF FF FF FF FF FF FF
FF FF FF FF FF FF FF FF FF FF FF FF FF FF FF FF
FF FF FF FF FF FF FF FF FF FF FF FF FF FF FF FF
FF FF FF FF FF FF FF FF FF FF FF FF FF FF FF FF
FF FF FF FF FF FF FF FF FF FF FF FF FF FF FF FF
FF FF FF FF FF FF FF FF FF FF FF FF FF FF FF FF
E3 F3 F7 E3 E3 F3 F0 F3 F0 F8 FA FC FF FF FF FF
F9 FC 9C 08 88 18 5B 91 03 13 07 33 FF FF FF FF
3D 98 3A 19 93 19 D1 93 C3 93 A7 D3 FF FF FF FF
48 03 18 0B 80 1B B3 18 33 B8 B1 FA FF FF FF FF
0F 07 37 0F 3F 7F 03 7F 01 03 07 03 FF FF FF FF
83 82 38 91 3C 99 A8 11 01 03 8B 07 FF FF FF FF
79 3C 7D 38 78 39 4B 31 81 03 CB 87 FF FF FF FF
8F CF 8F DF CF 9F CF 9F CF 9F FF 9F FF FF FF FF
FF FF FF FF FF FF FF FF FF FF FF FF FF FF FF FF
FF FF FF FF FF FF FF FF FF FF FF FF FF FF FF FF
FF FF FF FF FF FF FF FF FF FF FF FF FF FF FF FF
FF FF FF FF FF FF FF FF FF FF FF FF FF FF FF FF
FF FF FF FF FF FF FF FF FF FF FF FF FF FF FF FF
FF FF FF FF FF FF FF FF FF FF FF FF FF FF FF FF
!{"command":"DATA","compressed":0,"more":0}
!{"command":"PRNT","sheets":1,"margin_upper":1,"margin_lower":3,"pallet":228,"density":64 }
!{"command":"INQY","status":{"lowbatt":0,"jam":0,"err":0,"pkterr":0,"unproc":0,"full":1,"bsy":1,"chk_err":0}}
!{"command":"INQY","status":{"lowbatt":0,"jam":0,"err":0,"pkterr":0,"unproc":0,"full":1,"bsy":1,"chk_err":0}}
!{"command":"INQY","status":{"lowbatt":0,"jam":0,"err":0,"pkterr":0,"unproc":0,"full":1,"bsy":1,"chk_err":0}}
!{"command":"INQY","status":{"lowbatt":0,"jam":0,"err":0,"pkterr":0,"unproc":0,"full":1,"bsy":1,"chk_err":0}}
!{"command":"INQY","status":{"lowbatt":0,"jam":0,"err":0,"pkterr":0,"unproc":0,"full":1,"bsy":1,"chk_err":0}}
!{"command":"INQY","status":{"lowbatt":0,"jam":0,"err":0,"pkterr":0,"unproc":0,"full":1,"bsy":1,"chk_err":0}}
!{"command":"INQY","status":{"lowbatt":0,"jam":0,"err":0,"pkterr":0,"unproc":0,"full":1,"bsy":1,"chk_err":0}}
!{"command":"INQY","status":{"lowbatt":0,"jam":0,"err":0,"pkterr":0,"unproc":0,"full":1,"bsy":1,"chk_err":0}}
!{"command":"INQY","status":{"lowbatt":0,"jam":0,"err":0,"pkterr":0,"unproc":0,"full":1,"bsy":1,"chk_err":0}}
!{"command":"INQY","status":{"lowbatt":0,"jam":0,"err":0,"pkterr":0,"unproc":0,"full":1,"bsy":1,"chk_err":0}}
!{"command":"INQY","status":{"lowbatt":0,"jam":0,"err":0,"pkterr":0,"unproc":0,"full":1,"bsy":1,"chk_err":0}}
!{"command":"INQY","status":{"lowbatt":0,"jam":0,"err":0,"pkterr":0,"unproc":0,"full":1,"bsy":1,"chk_err":0}}
!{"command":"INQY","status":{"lowbatt":0,"jam":0,"err":0,"pkterr":0,"unproc":0,"full":1,"bsy":1,"chk_err":0}}
!{"command":"INQY","status":{"lowbatt":0,"jam":0,"err":0,"pkterr":0,"unproc":0,"full":1,"bsy":1,"chk_err":0}}
!{"command":"INQY","status":{"lowbatt":0,"jam":0,"err":0,"pkterr":0,"unproc":0,"full":1,"bsy":1,"chk_err":0}}
!{"command":"INQY","status":{"lowbatt":0,"jam":0,"err":0,"pkterr":0,"unproc":0,"full":1,"bsy":1,"chk_err":0}}
!{"command":"INQY","status":{"lowbatt":0,"jam":0,"err":0,"pkterr":0,"unproc":0,"full":1,"bsy":1,"chk_err":0}}
!{"command":"INQY","status":{"lowbatt":0,"jam":0,"err":0,"pkterr":0,"unproc":0,"full":1,"bsy":1,"chk_err":0}}
!{"command":"INQY","status":{"lowbatt":0,"jam":0,"err":0,"pkterr":0,"unproc":0,"full":1,"bsy":1,"chk_err":0}}
!{"command":"INQY","status":{"lowbatt":0,"jam":0,"err":0,"pkterr":0,"unproc":0,"full":1,"bsy":1,"chk_err":0}}
# Finished Pretending To Print for fun!
!{"command":"INQY","status":{"lowbatt":0,"jam":0,"err":0,"pkterr":0,"unproc":0,"full":1,"bsy":0,"chk_err":0}}
!{"command":"INIT"}
!{"command":"DATA","compressed":0,"more":1}
FF FF FF FF FF FF FF FF FF FF FF FF FF FF FF FF
FF FF FF FF FF FF FF FF FF FF FF FF FF FF FF FF
FF FF FF FF FF FF FF FF FF FF FF FF FF FF FF FF
FF FF FF FF FF FF FF FF FF FF FF FF FF FF FF FF
FF FF FF FF FF FF FF FF FF FF FF FF FF FF FF FF
FF FF FF FF FE FF FE FE FE FE FE FE FE FE FE FE
FF FF FF FF 1C FF 3E 1C 0C 1C 04 0C 0C 04 24 04
FF FF FF FF 63 FF 07 63 43 23 63 3F 02 62 02 62
FF FF FF FF FF FF FF FF FF FF F7 FE 03 01 11 00
FF FF FF FF FF FF 8F FF 47 8F 05 03 00 8E C8 8C
FF FF FF FF FF FF FF FF FF FF 7F 9F 0E 04 E0 46
FF FF FF FF FF FF FF FF FF FF E7 FF 41 03 21 01
FF FF FF FF F8 FF F0 F8 F0 F8 E0 F8 C0 80 18 00
FF FF FF FF FF FF 7F FF 7E FF 6D F3 61 C0 44 8C
FF FF FF FF BF FF BF 1F 5F 0F 0F 1F 9F FF 3F 7F
FF FF FF FF FF FF FF FF FF FF FF FF FF FF FF FF
FF FF FF FF FF FF FF FF FF FF FF FF FF FF FF FF
FF FF FF FF FF FF FF FF FF FF FF FF FF FF FF FF
FF FF FF FF FF FF FF FF FF FF FF FF FF FF FF FF
FF FF FF FF FF FF FF FF FF FF FF FF FF FF FF FF
FF FF FF FF FF FF FF FF FF FF FF FF FF FF FF FF
FF FF FF FF FF FF FF FF FF FF FF FF FF FF FF FF
FF FF FF FF FF FF FF FF FF FF FF FF FF FF FF FF
FF FF FF FF FF FF FF FF FF FF FF FF FF FF FF FF
FF FF FF FF FF FF FF FF FF FF FF FF FF FF FF FF
FE FE FE FE FE FE FE FE FE FE FF FF FF FF FF FF
24 10 30 10 30 18 3C 18 18 3C FF FF FF FF FF FF
02 62 02 62 02 62 42 22 02 62 FF FF FF FF FF FF
19 30 19 30 19 30 19 30 11 38 FF FF FF FF FF FF
4C 88 4C 88 4C 88 48 8C CC 8E FF FF FF FF FF FF
06 00 FA 04 7A E4 A2 44 06 0C FF FF FF FF FF FF
20 31 21 30 20 31 21 31 61 31 FF FF FF FF FF FF
00 18 00 18 00 18 98 00 C0 80 FF FF FF FF FF FF
04 8C 84 0C 04 8C 48 84 61 C0 FF FF FF FF FF FF
7F 3F 7F 3F 7F 3F 3F 7F 7F FF FF FF FF FF FF FF
FF FF FF FF FF FF FF FF FF FF FF FF FF FF FF FF
FF FF FF FF FF FF FF FF FF FF FF FF FF FF FF FF
FF FF FF FF FF FF FF FF FF FF FF FF FF FF FF FF
FF FF FF FF FF FF FF FF FF FF FF FF FF FF FF FF
FF FF FF FF FF FF FF FF FF FF FF FF FF FF FF FF
!{"command":"INQY","status":{"lowbatt":0,"jam":0,"err":0,"pkterr":0,"unproc":1,"full":0,"bsy":0,"chk_err":0}}
!{"command":"DATA","compressed":0,"more":1}
FF FF FF FF FF FF FF FF FF FF FF FF FF FF FF FF
FF FF FF FF FF FF FF FF FF FF FF FF FF FF FF FF
AA 55 84 7B AA 55 53 AC AA 55 C5 3A AA 55 AF 50
AA 55 55 AA AA 55 7D 82 AA 55 DC 23 AA 55 77 88
AA 55 6D 92 AA 55 D2 2D AA 55 CD 32 AA 55 5F A0
AA 55 D4 2B AA 55 57 A8 AE 51 FF 00 AA 55 FF 00
AA 55 CF 30 AA 55 7F 80 AA 55 FF 00 AA 55 FF 00
AE 51 D7 28 AA 55 FF 00 EA 15 FF 00 AA 55 FF 00
AA 55 FF 00 AA 55 F7 08 AA 55 FF 00 CA 15 D5 2A
AA 55 D7 28 AA 55 FF 00 AA 55 C9 36 AA 55 40 BF
AA 55 FD 02 AA 55 00 FF AA 55 40 BF AA 55 04 FB
AB 55 84 7B AA 55 00 FF AA 55 00 FF AA 55 10 EF
8B 75 00 FF 08 F7 00 FF AA 55 44 BB AA 55 00 FF
A2 5D 00 FF 2E D5 00 FF AA 55 44 BB AA 55 00 FF
08 F7 00 FF A2 5D 05 FA AA 55 D8 27 AA 55 05 FA
A8 57 40 BF AA 55 10 EF 8A 75 80 7F AA 55 11 EE
B0 5F 00 FF AA 55 00 FF A9 57 00 FF AA 55 00 FF
01 FF 00 FF 03 FD 00 FF DD 77 00 FF 20 DF 00 FF
FF FF FF FF FF FF FF FF FF FF FF FF FF FF FF FF
FF FF FF FF FF FF FF FF FF FF FF FF FF FF FF FF
FF FF FF FF FF FF FF FF FF FF FF FF FF FF FF FF
FF FF FF FF FF FF FF FF FF FF FF FF FF FF FF FF
EA 15 CD 32 AA 55 FF 00 AA 55 FF 00 2A 55 FF 00
AA 55 FF 00 AA 55 FF 00 AA 55 FF 00 AA 55 FF 00
AA 55 FF 00 BB 44 FF 00 AA 55 FF 00 AE 51 FF 00
BE 41 FD 02 AA 55 FF 00 FE 01 FD 02 AA 55 F5 0A
2E 51 FF 00 AA 55 D7 28 AA 55 75 8A AA 55 55 AA
FA 05 D5 2A AA 55 57 A8 AA 55 5D A3 A5 5C 8F 70
AA 55 84 7B AC 57 E8 1F D9 77 F8 07 54 01 FF 00
82 7D 00 FF AA 55 00 FF 9D 77 10 FF 6D D7 FA 0D
7A D5 00 FF 52 FD 00 FF 15 FF 0B FF 57 FC E7 F8
AA 55 0C F3 54 FF BF F8 55 E0 FF 80 55 00 FF 00
AA 55 0A F5 AA 55 00 FF 62 1D FE 01 55 00 FF 00
A8 57 40 BF 8A 75 78 87 F9 57 00 FF 77 1D F8 3F
AA 55 04 FB A2 5D 00 FF 8B 75 03 FC C4 7F 00 FF
8A 75 00 FF 0A F5 00 FF AA 55 40 BF A2 5D 08 F7
A8 57 00 FF AA 55 00 FF 8A 75 00 FF AA 55 00 FF
81 7F 00 FF 03 FD 00 FF A1 5F 00 FF A8 57 00 FF
FF FF FF FF FF FF FF FF FF FF FF FF FF FF FF FF
FF FF FF FF FF FF FF FF FF FF FF FF FF FF FF FF
!{"command":"DATA","compressed":0,"more":1}
FF FF FF FF FF FF FF FF FF FF FF FF FF FF FF FF
FF FF FF FF FF FF FF FF FF FF FF FF FF FF FF FF
2A 55 DF 20 AF 50 FF 00 2A 55 DF 20 AA 55 F7 08
A7 50 FE 01 AA 55 7F 80 AA 55 DD 22 AA 55 FF 00
AA 55 DF 20 AA 55 F7 08 EA 15 FF 00 EB 14 FC 03
AA 55 DF 20 AB 54 FE 01 AB 54 EE 10 F5 40 AA 00
AE 51 F9 06 85 7F 7C 8F 57 01 2A 00 55 00 8A 00
15 C0 FF 00 55 00 DB E0 55 FC D3 3F 5A 05 AE 03
55 00 BB 00 55 00 FB 00 53 07 ED 1F 54 FF 80 FF
55 07 FF 0F 37 7D E0 FF 7D D7 04 FF 55 FF 00 FF
57 FC 0D F3 5F F4 01 FF 55 FF 10 FF 65 DF 00 FF
75 00 BB C0 39 74 B6 CF 5A F5 00 FF 55 FF 01 FF
55 00 BD 03 5D 07 FE 1F 55 FF 50 FF 53 FD 94 CF
55 FF D0 FF 60 DF 80 FF 89 77 00 FF 20 DF 20 FF
9A 75 00 FF 55 FF 00 FF C0 7F 02 FF 41 FF 00 FF
82 7D 05 FA 6A D5 01 FE 5D F7 23 FF 55 FF 28 FF
88 77 04 FB AA 55 F0 0F AA 55 00 FF 08 F7 00 FF
F3 5D 00 FF A0 5F 00 FF DB 75 40 BF A8 57 0C F3
FF FF FF FF FF FF FF FF FF FF FF FF FF FF FF FF
FF FF FF FF FF FF FF FF FF FF FF FF FF FF FF FF
FF FF FF FF FF FF FF FF FF FF FF FF FF FF FF FF
FF FF FF FF FF FF FF FF FF FF FF FF FF FF FF FF
AA 55 DD 22 AA 55 FF 00 2E 51 FF 00 AB 54 FF 00
AA 55 FF 00 AA 55 7F 80 AE 51 FF 00 BF 40 FF 00
BF 44 EE 18 C5 3E E0 1F F1 17 E1 10 D5 10 FA 10
55 00 A2 00 55 00 CA C0 D5 70 9F EE 79 37 85 0E
55 00 22 00 54 01 AA 07 4D 1F E3 3F 55 FC 88 F0
45 1F B3 7F D5 FC 38 F0 55 C0 80 00 55 00 00 00
59 F7 B0 0F 54 01 00 00 55 00 22 00 55 00 00 00
95 7F 20 FF 60 DF C4 3F 59 07 22 01 57 01 2E 07
55 FF 20 FF 25 DF 05 FF D5 7F 01 FF 57 FD 24 FF
57 FF BE FC 5D F0 40 E0 55 80 20 00 55 80 78 F0
54 01 02 00 55 00 08 00 55 00 20 00 55 00 00 00
65 DF 80 3F 57 01 8A 00 55 00 23 00 55 03 AE 07
95 7F 23 FF AC 5F 33 EF 15 7F FA FF 54 FF DE EF
51 FF A1 FF C3 FD 00 FF D9 77 02 FF 05 FF 02 FF
89 77 00 FF C0 7F 00 FF C9 77 00 FF F4 5F 00 FF
0B F5 00 FF 6A D5 00 FF 13 FD 01 FF 33 DD 00 FF
FF FF FF FF FF FF FF FF FF FF FF FF FF FF FF FF
FF FF FF FF FF FF FF FF FF FF FF FF FF FF FF FF
!{"command":"INQY","status":{"lowbatt":0,"jam":0,"err":0,"pkterr":0,"unproc":1,"full":0,"bsy":0,"chk_err":0}}
!{"command":"DATA","compressed":0,"more":1}
FF FF FF FF FF FF FF FF FF FF FF FF FF FF FF FF
FF FF FF FF FF FF FF FF FF FF FF FF FF FF FF FF
6E 11 FF 00 AA 55 FF 00 2E 51 FC 03 AA 55 45 BA
AE 51 FF 00 BA 45 C0 3F AA 55 05 FA AA 55 F7 08
F5 10 CA 30 AD 50 00 F8 A5 58 D0 28 B5 48 70 8C
53 01 00 01 55 00 00 00 11 00 00 00 44 00 00 00
15 F8 36 CF 7F D1 85 EE 71 C1 C0 E0 50 E0 20 E0
55 00 02 00 C5 C0 F8 30 37 CE 7D 33 0D 0C 01 03
55 00 02 00 55 00 84 03 5D 07 80 FF F5 5F C0 3E
75 1F F3 3F 57 FC 14 F8 C1 70 A0 C0 10 00 00 00
57 C1 80 00 45 00 00 00 11 00 00 00 00 00 00 00
17 FC D1 3F 58 07 03 00 15 00 02 00 55 00 00 00
15 00 A2 C0 75 F0 0F FF 55 3F 38 0F 79 1F A5 7F
5F 0D 9B 3F 56 7D C0 FF 1A F5 54 EB 2A D5 01 FE
25 DF 9C 6F A5 5F 0C FF A5 5F 4C BF B4 5F 0C FF
11 FF 02 FF 4C F7 00 FF B8 57 00 FF 06 FD 08 FF
80 7F 00 FF 10 FF 00 FF D9 77 00 FF 4A F5 00 FF
D9 77 00 FF A7 5D 00 FF 05 FF 00 FF 20 DF 00 FF
FF FF FF FF FF FF FF FF FF FF FF FF FF FF FF FF
FF FF FF FF FF FF FF FF FF FF FF FF FF FF FF FF
FF FF FF FF FF FF FF FF FF FF FF FF FF FF FF FF
FF FF FF FF FF FF FF FF FF FF FF FF FF FF FF FF
AA 55 DC 23 AA 55 72 8D 2A 55 D4 2B AA 55 F3 0C
AA 55 76 89 EA 15 94 6B AA 55 4D B2 AA 55 B7 48
AD 54 DE 24 AD 54 7C 82 A9 57 DE 21 AA 55 3D C3
11 00 00 00 54 00 00 00 D1 00 20 C0 DD 70 AE DC
F0 60 A0 60 50 60 00 70 10 70 50 30 50 30 18 30
00 00 00 00 00 00 00 00 00 00 00 00 00 00 00 00
6C D7 05 73 07 7C 0B 71 50 30 78 30 5C 30 20 38
11 00 E0 C0 94 70 7C 8E 55 23 1B 0C 05 03 00 00
01 00 00 00 00 00 00 00 81 C0 70 F0 6D 1F EC 43
14 01 01 03 5D 07 38 0F 51 3F AA 7F 67 DD 00 FF
D5 FF 00 FF D5 7F 00 FF 75 DF 00 FF 05 FF 01 FF
2A D5 14 EB 2A D5 B0 CF 2A D5 04 FB 2A D5 AC D3
B7 5D 40 BF B6 5D 48 BF B5 5F C9 3F 94 7F AF 7C
94 7F 28 FF 5F F5 D0 EF 28 D7 40 BF A4 5F 00 FF
5C F7 00 FF 12 FD 00 FF D5 7F 01 FF 46 FD 00 FF
1D F7 01 FF 01 FF 00 FF 79 D7 00 FF 23 DD 00 FF
FF FF FF FF FF FF FF FF FF FF FF FF FF FF FF FF
FF FF FF FF FF FF FF FF FF FF FF FF FF FF FF FF
!{"command":"DATA","compressed":0,"more":1}
FF FF FF FF FF FF FF FF FF FF FF FF FF FF FF FF
FF FF FF FF FF FF FF FF FF FF FF FF FF FF FF FF
AA 55 84 7B AA 55 DF 20 AA 55 C8 37 AA 55 40 BF
AA 55 CD 32 AE 51 3F C0 AA 55 0D F2 AA 55 15 EA
A9 56 E1 1E AB 55 D3 2D AB 55 45 BB AA 55 57 A8
69 37 0A 0D 06 03 80 00 00 00 00 00 00 00 80 00
D0 30 08 F0 1C 70 CC B8 6D 36 31 1F 17 1C 03 1D
00 00 00 00 00 00 00 00 00 00 00 80 50 E0 94 38
34 38 28 38 1C 38 2C 38 14 38 0C 38 30 1C 24 1C
00 00 00 00 00 00 00 00 00 00 00 00 00 00 00 00
1D 13 08 07 01 07 04 03 07 03 00 03 04 03 02 03
D7 7D 02 FF 47 FD 00 FF 1D F7 10 FF 14 FF 81 FF
55 FF 00 FF C5 7F 01 FF 55 FF 00 FF 75 DF 00 FF
2A D5 4C B3 29 D7 10 EF A5 5F 41 BE 92 7D 14 FB
52 FD 9E F9 52 FD D1 BE 9A 75 54 BB 92 7D 25 FA
A1 5F 00 FF A7 5D 40 BF B1 5F 00 FF A2 5D 40 BF
C1 7F 80 FF 4A F5 00 FF 79 D7 00 FF 51 FF 00 FF
8B 75 00 FF 03 FD 00 FF 09 F7 01 FF 62 DD 00 FF
FF FF FF FF FF FF FF FF FF FF FF FF FF FF FF FF
FF FF FF FF FF FF FF FF FF FF FF FF FF FF FF FF
FF FF FF FF FF FF FF FF FF FF FF FF FF FF FF FF
FF FF FF FF FF FF FF FF FF FF FF FF FF FF FF FF
AA 55 CC 33 AA 55 D1 2E AA 55 C4 3B AA 55 14 EB
AA 55 94 6B AA 55 15 EA AA 55 00 FF AA 55 25 DA
AA 55 46 B9 AA 55 D5 2A AA 55 40 BF AA 55 0F F0
C0 80 80 80 40 80 40 80 C0 40 E0 40 B0 70 7C 8C
14 1C 06 1C 1C 0C 0E 0C 1D 0E 0A 0E 0D 0E 0A 0E
5C 47 19 13 05 04 03 01 00 00 00 00 00 00 00 00
1C 14 46 BC 64 DC 84 3C 4D 56 31 1F 06 1D 18 0F
00 00 00 00 00 00 00 00 00 00 80 00 70 C0 30 38
01 03 02 03 01 03 00 03 01 03 02 03 01 03 00 03
D5 7F 30 FF 57 FD 00 FF 55 FF 00 FF 56 FD 40 FF
55 FF 00 FF 55 FF 0D FF 1D F7 01 FF 5D F7 20 FF
0B F5 6C D3 2A D5 10 EF A8 57 D0 2F A6 5D B1 4E
1A F5 24 FB DA 75 34 FB D9 77 A5 7F D2 7D E6 7D
8B 75 00 FF 60 DF 00 FF A8 57 C0 3F BA 55 80 7F
08 F7 00 FF 0A F5 00 FF 92 7D 00 FF 2A D5 00 FF
C9 77 00 FF 02 FD 00 FF BA 55 00 FF 62 DD 00 FF
FF FF FF FF FF FF FF FF FF FF FF FF FF FF FF FF
FF FF FF FF FF FF FF FF FF FF FF FF FF FF FF FF
!{"command":"INQY","status":{"lowbatt":0,"jam":0,"err":0,"pkterr":0,"unproc":1,"full":0,"bsy":0,"chk_err":0}}
!{"command":"DATA","compressed":0,"more":1}
FF FF FF FF FF FF FF FF FF FF FF FF FF FF FF FF
FF FF FF FF FF FF FF FF FF FF FF FF FF FF FF FF
AA 55 4C B3 AA 55 34 CB AB 54 9E 61 AA 55 A1 5E
AA 55 80 7F AA 55 5D A2 AA 55 44 BB AA 55 00 FF
BA 45 C5 3A AA 55 55 AA AA 55 A4 5B AB 54 52 AD
83 76 C3 39 BB 54 42 BD BB 55 C0 3F AA 55 60 9F
0D 06 89 87 D7 65 91 3F B9 47 2D D3 2A D5 00 FF
00 00 00 00 00 00 80 00 00 00 80 00 40 C0 38 F0
10 0F 08 0F 0E 0D 08 0F 02 0D 08 0F 07 0D 04 0F
55 CE E3 33 85 5C 7C 83 AA 55 DC 23 AA 55 36 C9
01 03 40 83 53 E1 54 3B 55 CF A0 73 A4 5D 88 77
55 FF 01 FF 5C F7 05 FE D2 7D 10 FF 4A F5 75 CA
69 D7 41 BF AD 57 82 7F AD 57 C8 37 AC 57 8B 76
AA 55 81 7E 93 7D 80 7F 8D 77 D8 2F B7 5D E0 3F
D2 7D 10 FF 4A F5 C0 FF 4A F5 34 EB 4A F5 85 FA
B8 57 40 BF 81 7F 00 FF 8B 75 80 7F C3 7D 00 FF
AA 55 00 FF EA 55 00 FF 8F 75 00 FF 28 D7 00 FF
8B 75 00 FF 23 DD 00 FF 8B 75 00 FF 8B 75 00 FF
FF FF FF FF FF FF FF FF FF FF FF FF FF FF FF FF
FF FF FF FF FF FF FF FF FF FF FF FF FF FF FF FF
FF FF FF FF FF FF FF FF FF FF FF FF FF FF FF FF
FF FF FF FF FF FF FF FF FF FF FF FF FF FF FF FF
AA 55 B4 4B AA 55 78 87 AA 55 46 B9 AA 55 B7 48
AA 55 44 BB AA 55 41 BE AA 55 C4 3B AA 55 5F A0
AA 55 9C 63 AA 55 55 AA EA 15 E4 1B AA 55 27 D8
A2 5D 00 FF A7 5D 10 EF AA 55 F8 07 AA 55 FF 00
AB 55 05 FB AF 55 00 FF AB 55 00 FF AA 55 00 FF
4C 9C A3 36 DD 09 86 82 C1 81 80 80 40 80 00 C0
07 05 0C 07 C6 85 C4 67 F3 3D 70 4F 37 15 08 0F
AA 55 C4 3B AA 55 D0 2F AA 55 EC 13 AA 55 CF 30
A9 57 80 7F AB 55 04 FB AB 55 40 BF AB 55 94 6B
6A D5 05 FA 6A D5 2B D4 EA 55 3E C1 EA 55 3F C0
AC 57 E1 1F AC 57 60 9F A1 5F 44 BF BC 57 00 FF
DD 77 00 FF 17 FD 00 FF DD 77 20 FF 22 DD 00 FF
4B F5 14 EB EE 55 50 EF 62 DD 00 FF 6A D5 00 FF
3F D5 04 FB 21 DF 00 FF 88 77 00 FF AA 55 00 FF
88 77 00 FF AA 55 00 FF 8A 75 00 FF 2A D5 00 FF
88 77 00 FF AB 55 00 FF AA 55 00 FF A2 5D 00 FF
FF FF FF FF FF FF FF FF FF FF FF FF FF FF FF FF
FF FF FF FF FF FF FF FF FF FF FF FF FF FF FF FF
!{"command":"DATA","compressed":0,"more":1}
FF FF FF FF FF FF FF FF FF FF FF FF FF FF FF FF
FF FF FF FF FF FF FF FF FF FF FF FF FF FF FF FF
AA 55 C4 3B AA 55 3C C3 AA 55 D7 28 AA 55 FF 00
AA 55 4C B3 AA 55 F3 0C AA 55 C7 38 AA 55 FF 00
AA 55 95 6A AA 55 77 88 AA 55 7C 83 AA 55 BF 40
AA 55 EC 13 AA 55 74 8B AA 55 EC 13 AA 55 7B 84
AA 55 C8 37 AA 55 DA 25 AA 55 4F B0 AA 55 3D C2
C0 40 60 C0 C0 40 60 C0 C0 40 F0 20 BC 50 E4 1C
04 07 06 03 04 03 02 03 06 03 02 03 00 03 02 03
EA 55 1F B0 D6 4D 46 B3 A8 55 45 BA AB 54 4F B0
AB 55 E0 1F AB 55 B4 4B 2A D5 0C 73 52 9D 8C 67
EA 55 3E C1 6A D5 38 C7 EB 55 20 DF EE 55 07 F8
95 7F 08 F7 A8 57 30 CF A8 57 C0 3F AA 55 F0 0F
C9 77 00 FF 0A F5 00 FF 0B F5 00 FF AA 55 00 FF
BA 55 00 FF AA 55 00 FF AA 55 00 FF 2A D5 00 FF
A8 57 00 FF AA 55 00 FF AA 55 0C F3 AA 55 50 AF
AA 55 04 FB A2 5D 00 FF BA 55 40 BF AA 55 10 EF
AA 55 40 BF AA 55 06 F9 AA 55 00 FF AA 55 D0 2F
FF FF FF FF FF FF FF FF FF FF FF FF FF FF FF FF
FF FF FF FF FF FF FF FF FF FF FF FF FF FF FF FF
FF FF FF FF FF FF FF FF FF FF FF FF FF FF FF FF
FF FF FF FF FF FF FF FF FF FF FF FF FF FF FF FF
AA 55 FF 00 AE 51 FF 00 6A 15 FF 00 BA 45 FF 00
AA 55 FD 02 AA 55 FF 00 AA 55 ED 12 AA 55 FF 00
AA 55 DF 20 AA 55 7F 80 AA 55 FD 02 AA 55 FF 00
AA 55 FF 00 AA 55 FD 02 EA 15 FF 00 AA 55 F7 08
EA 15 FD 02 AA 55 FF 00 AE 51 FF 00 AA 55 FB 04
A9 57 FF 00 AE 51 FF 00 AE 51 FF 00 AB 54 FF 00
00 03 C0 83 D3 61 DA 31 6A 15 FC 03 EA 15 FF 00
AA 55 5D A2 AA 55 67 98 AA 55 2E D1 AA 55 F7 08
B1 53 DF 24 A8 57 7C 83 AA 55 DC 23 AA 55 FE 01
BA 55 1F E0 6A D5 3D C2 EA 55 2C D3 AA 55 3F C0
A8 57 F0 0F AE 55 D0 2F AA 55 E0 1F AA 55 80 7F
2A D5 04 FB AA 55 00 FF AA 55 44 BB AA 55 2A D5
BA 55 00 FF AA 55 00 FF AA 55 64 9B AA 55 35 CA
AA 55 40 BF AA 55 32 CD AA 55 5C A3 AA 55 4B B4
AA 55 58 A7 AA 55 82 7D AA 55 D4 2B AA 55 85 7A
AA 55 4C B3 AA 55 15 EA AA 55 6C 93 AA 55 FF 00
FF FF FF FF FF FF FF FF FF FF FF FF FF FF FF FF
FF FF FF FF FF FF FF FF FF FF FF FF FF FF FF FF
!{"command":"INQY","status":{"lowbatt":0,"jam":0,"err":0,"pkterr":0,"unproc":1,"full":0,"bsy":0,"chk_err":0}}
!{"command":"DATA","compressed":0,"more":1}
FF FF FF FF FF FF FF FF FF FF FF FF FF FF FF FF
FF FF FF FF FF FF FF FF FF FF FF FF FF FF FF FF
2A 55 FF 00 BA 45 FF 00 6B 14 FF 00 AA 55 FF 00
AA 55 FD 02 AA 55 FF 00 A6 51 FF 00 FE 01 FF 00
AA 55 FF 00 AA 55 FF 00 AF 50 FF 00 AF 50 FF 00
EA 15 FF 00 BE 41 FF 00 26 51 FF 00 F9 04 FF 00
AA 55 FF 00 AA 55 FF 00 E7 10 FF 00 DE 01 FF 00
AA 55 FF 00 EA 15 FF 00 E2 15 FF 00 FE 01 FF 00
EE 11 FF 00 AA 55 FF 00 A6 51 FF 00 BF 40 FF 00
AA 55 FD 02 AA 55 FF 00 2E 51 FF 00 BB 44 FF 00
EA 15 FE 01 AA 55 FE 01 AA 55 DE 21 3A 45 FF 00
AA 55 3E C1 AA 55 7B 84 BA 45 EF 10 AA 55 BF 40
AA 55 44 BB AA 55 FB 04 AA 55 FD 02 AA 55 FF 00
AA 55 9C 63 AA 55 77 88 AA 55 FF 00 AB 54 FF 00
AA 55 D7 28 AA 55 F7 08 EA 15 FF 00 FF 00 FF 00
AA 55 F7 08 AA 55 FF 00 AA 55 FF 00 AE 51 FF 00
AA 55 F7 08 AA 55 F7 08 26 51 FF 00 AA 55 FF 00
AA 55 F7 08 AA 55 FF 00 EE 11 FF 00 AB 54 FF 00
FF FF FF FF FF FF FF FF FF FF FF FF FF FF FF FF
FF FF FF FF FF FF FF FF FF FF FF FF FF FF FF FF
FF FF FF FF FF FF FF FF FF FF FF FF FF FF FF FF
FF FF FF FF FF FF FF FF FF FF FF FF FF FF FF FF
77 00 FF 00 1F 40 FF 00 77 00 FF 00 DE 01 FF 00
76 01 FF 00 FF 00 FF 00 77 00 FF 00 DF 00 FF 00
77 00 FF 00 FD 00 FF 00 77 00 FF 00 DD 00 FF 00
72 05 FF 00 DF 00 FF 00 76 01 FF 00 DD 00 FF 00
E2 15 FF 00 9D 40 FF 00 37 40 FF 00 FC 01 FF 00
6E 11 FF 00 DF 00 FF 00 7E 01 FF 00 93 44 FF 00
22 55 FF 00 88 55 FF 00 7F 00 FF 00 FF 00 FF 00
36 41 FF 00 A9 54 FF 00 57 00 FF 00 DF 00 FF 00
FE 01 FF 00 EF 10 FF 00 76 01 FF 00 5F 00 FF 00
AA 55 FF 00 FC 01 FF 00 67 10 FF 00 DE 01 FF 00
6A 15 FF 00 8C 51 FF 00 77 00 FF 00 F5 00 FF 00
2E 51 FF 00 A9 54 FF 00 77 00 FF 00 7F 00 FF 00
EE 11 FF 00 FF 00 FF 00 3F 40 FF 00 DD 00 FF 00
6E 11 FF 00 AF 50 FF 00 77 00 FF 00 9D 40 FF 00
E6 11 FF 00 EC 11 FF 00 77 00 FF 00 FB 04 FF 00
3E 41 FF 00 3D 40 FF 00 7E 01 FF 00 BE 41 FF 00
FF FF FF FF FF FF FF FF FF FF FF FF FF FF FF FF
FF FF FF FF FF FF FF FF FF FF FF FF FF FF FF FF
!{"command":"DATA","compressed":0,"more":1}
FF FF FF FF FF FF FF FF FF FF FF FF FF FF FF FF
FF FF FF FF FF FF FF FF FF FF FF FF FF FF FF FF
FF FF FF FF FF FF FF FF FF FF FF FF FF FF FF FF
FF FF FF FF FF FF FF FF FF FF FF FF FF FF FF FF
FF FF FF FF FF FF FF FF FF FF FF FF FF FF FF FF
FF FF FF FF FF FF FF FF FF FF FF FF FF FF FF FF
FF FF FF FF FF FF FE FF FC FE FC F8 F9 F1 E3 F3
FF FF FF FF FF FF 77 8F 0E 07 87 7E FC FE FE FC
FF FF FF FF FF FF BF 7E 3C 3E 1E 3C 18 3C 18 3C
FF FF FF FF FF FF 77 FB F1 73 61 73 21 63 20 43
FF FF FF FF FF FF 7B 87 81 03 83 3F 3F 3F 37 0F
FF FF FF FF FF FF BB C7 C3 83 D9 83 C1 9B 82 83
FF FF FF FF FF FF DE E3 C3 80 25 98 19 3C 78 3C
FF FF FF FF FF FF BB 7D 71 39 03 33 23 87 CF 87
FF FF AF D5 FB D5 FB D5 FF FF FF FF FF FF FF FF
FF FF FF FF FF FF FF FF FF FF FF FF FF FF FF FF
FF FF FF FF FF FF FF FF FF FF FF FF FF FF FF FF
FF FF FF FF FF FF FF FF FF FF FF FF FF FF FF FF
FF FF FF FF FF FF FF FF FF FF FF FF FF FF FF FF
FF FF FF FF FF FF FF FF FF FF FF FF FF FF FF FF
FF FF FF FF FF FF FF FF FF FF FF FF FF FF FF FF
FF FF FF FF FF FF FF FF FF FF FF FF FF FF FF FF
FF FF FF FF FF FF FF FF FF FF FF FF FF FF FF FF
FF FF FF FF FF FF FF FF FF FF FF FF FF FF FF FF
FF FF FF FF FF FF FF FF FF FF FF FF FF FF FF FF
FF FF FF FF FF FF FF FF FF FF FF FF FF FF FF FF
E3 F3 F7 E3 E3 F3 F0 F3 F0 F8 FA FC FF FF FF FF
F9 FC 9C 08 88 18 5B 91 03 13 07 33 FF FF FF FF
3D 98 3A 19 93 19 D1 93 C3 93 A7 D3 FF FF FF FF
48 03 18 0B 80 1B B3 18 33 B8 B1 FA FF FF FF FF
0F 07 37 0F 3F 7F 03 7F 01 03 07 03 FF FF FF FF
83 82 38 91 3C 99 A8 11 01 03 8B 07 FF FF FF FF
79 3C 7D 38 78 39 4B 31 81 03 CB 87 FF FF FF FF
8F CF 8F DF CF 9F CF 9F CF 9F FF 9F FF FF FF FF
FF FF FF FF FF FF FF FF FF FF FF FF FF FF FF FF
FF FF FF FF FF FF FF FF FF FF FF FF FF FF FF FF
FF FF FF FF FF FF FF FF FF FF FF FF FF FF FF FF
FF FF FF FF FF FF FF FF FF FF FF FF FF FF FF FF
FF FF FF FF FF FF FF FF FF FF FF FF FF FF FF FF
FF FF FF FF FF FF FF FF FF FF FF FF FF FF FF FF
!{"command":"DATA","compressed":0,"more":0}
!{"command":"PRNT","sheets":1,"margin_upper":0,"margin_lower":3,"pallet":228,"density":64 }
!{"command":"INQY","status":{"lowbatt":0,"jam":0,"err":0,"pkterr":0,"unproc":0,"full":1,"bsy":1,"chk_err":0}}
!{"command":"INQY","status":{"lowbatt":0,"jam":0,"err":0,"pkterr":0,"unproc":0,"full":1,"bsy":1,"chk_err":0}}
!{"command":"INQY","status":{"lowbatt":0,"jam":0,"err":0,"pkterr":0,"unproc":0,"full":1,"bsy":1,"chk_err":0}}
!{"command":"INQY","status":{"lowbatt":0,"jam":0,"err":0,"pkterr":0,"unproc":0,"full":1,"bsy":1,"chk_err":0}}
!{"command":"INQY","status":{"lowbatt":0,"jam":0,"err":0,"pkterr":0,"unproc":0,"full":1,"bsy":1,"chk_err":0}}
!{"command":"INQY","status":{"lowbatt":0,"jam":0,"err":0,"pkterr":0,"unproc":0,"full":1,"bsy":1,"chk_err":0}}
!{"command":"INQY","status":{"lowbatt":0,"jam":0,"err":0,"pkterr":0,"unproc":0,"full":1,"bsy":1,"chk_err":0}}
!{"command":"INQY","status":{"lowbatt":0,"jam":0,"err":0,"pkterr":0,"unproc":0,"full":1,"bsy":1,"chk_err":0}}
!{"command":"INQY","status":{"lowbatt":0,"jam":0,"err":0,"pkterr":0,"unproc":0,"full":1,"bsy":1,"chk_err":0}}
!{"command":"INQY","status":{"lowbatt":0,"jam":0,"err":0,"pkterr":0,"unproc":0,"full":1,"bsy":1,"chk_err":0}}
!{"command":"INQY","status":{"lowbatt":0,"jam":0,"err":0,"pkterr":0,"unproc":0,"full":1,"bsy":1,"chk_err":0}}
!{"command":"INQY","status":{"lowbatt":0,"jam":0,"err":0,"pkterr":0,"unproc":0,"full":1,"bsy":1,"chk_err":0}}
!{"command":"INQY","status":{"lowbatt":0,"jam":0,"err":0,"pkterr":0,"unproc":0,"full":1,"bsy":1,"chk_err":0}}
!{"command":"INQY","status":{"lowbatt":0,"jam":0,"err":0,"pkterr":0,"unproc":0,"full":1,"bsy":1,"chk_err":0}}
!{"command":"INQY","status":{"lowbatt":0,"jam":0,"err":0,"pkterr":0,"unproc":0,"full":1,"bsy":1,"chk_err":0}}
!{"command":"INQY","status":{"lowbatt":0,"jam":0,"err":0,"pkterr":0,"unproc":0,"full":1,"bsy":1,"chk_err":0}}
!{"command":"INQY","status":{"lowbatt":0,"jam":0,"err":0,"pkterr":0,"unproc":0,"full":1,"bsy":1,"chk_err":0}}
!{"command":"INQY","status":{"lowbatt":0,"jam":0,"err":0,"pkterr":0,"unproc":0,"full":1,"bsy":1,"chk_err":0}}
!{"command":"INQY","status":{"lowbatt":0,"jam":0,"err":0,"pkterr":0,"unproc":0,"full":1,"bsy":1,"chk_err":0}}
!{"command":"INQY","status":{"lowbatt":0,"jam":0,"err":0,"pkterr":0,"unproc":0,"full":1,"bsy":1,"chk_err":0}}
# Finished Pretending To Print for fun!
!{"command":"INQY","status":{"lowbatt":0,"jam":0,"err":0,"pkterr":0,"unproc":0,"full":1,"bsy":0,"chk_err":0}}
!{"command":"INIT"}
!{"command":"DATA","compressed":0,"more":1}
FF FF FF FF FF FF FF FF FF FF FF FF FF FF FF FF
FF FF FF FF FF FF FF FF FF FF FF FF FF FF FF FF
FF FF FF FF FF FF FF FF FF FF FF FF FF FF FF FF
FF FF FF FF FF FF FF FF FF FF FF FF FF FF FF FF
FF FF FF FF FF FF FF FF FF FF FF FF FF FF FF FF
FF FF FF FF FE FF FE FE FE FE FE FE FE FE FE FE
FF FF FF FF 1C FF 3E 1C 0C 1C 04 0C 0C 04 24 04
FF FF FF FF 63 FF 07 63 43 23 63 3F 02 62 02 62
FF FF FF FF FF FF FF FF FF FF F7 FE 03 01 11 00
FF FF FF FF FF FF 8F FF 47 8F 05 03 00 8E C8 8C
FF FF FF FF FF FF FF FF FF FF 7F 9F 0E 04 E0 46
FF FF FF FF FF FF FF FF FF FF E7 FF 41 03 21 01
FF FF FF FF F8 FF F0 F8 F0 F8 E0 F8 C0 80 18 00
FF FF FF FF FF FF 7F FF 7E FF 6D F3 61 C0 44 8C
FF FF FF FF BF FF BF 1F 5F 0F 0F 1F 9F FF 3F 7F
FF FF FF FF FF FF FF FF FF FF FF FF FF FF FF FF
FF FF FF FF FF FF FF FF FF FF FF FF FF FF FF FF
FF FF FF FF FF FF FF FF FF FF FF FF FF FF FF FF
FF FF FF FF FF FF FF FF FF FF FF FF FF FF FF FF
FF FF FF FF FF FF FF FF FF FF FF FF FF FF FF FF
FF FF FF FF FF FF FF FF FF FF FF FF FF FF FF FF
FF FF FF FF FF FF FF FF FF FF FF FF FF FF FF FF
FF FF FF FF FF FF FF FF FF FF FF FF FF FF FF FF
FF FF FF FF FF FF FF FF FF FF FF FF FF FF FF FF
FF FF FF FF FF FF FF FF FF FF FF FF FF FF FF FF
FE FE FE FE FE FE FE FE FE FE FF FF FF FF FF FF
24 10 30 10 30 18 3C 18 18 3C FF FF FF FF FF FF
02 62 02 62 02 62 42 22 02 62 FF FF FF FF FF FF
19 30 19 30 19 30 19 30 11 38 FF FF FF FF FF FF
4C 88 4C 88 4C 88 48 8C CC 8E FF FF FF FF FF FF
06 00 FA 04 7A E4 A2 44 06 0C FF FF FF FF FF FF
20 31 21 30 20 31 21 31 61 31 FF FF FF FF FF FF
00 18 00 18 00 18 98 00 C0 80 FF FF FF FF FF FF
04 8C 84 0C 04 8C 48 84 61 C0 FF FF FF FF FF FF
7F 3F 7F 3F 7F 3F 3F 7F 7F FF FF FF FF FF FF FF
FF FF FF FF FF FF FF FF FF FF FF FF FF FF FF FF
FF FF FF FF FF FF FF FF FF FF FF FF FF FF FF FF
FF FF FF FF FF FF FF FF FF FF FF FF FF FF FF FF
FF FF FF FF FF FF FF FF FF FF FF FF FF FF FF FF
FF FF FF FF FF FF FF FF FF FF FF FF FF FF FF FF
!{"command":"INQY","status":{"lowbatt":0,"jam":0,"err":0,"pkterr":0,"unproc":1,"full":0,"bsy":0,"chk_err":0}}
!{"command":"DATA","compressed":0,"more":1}
FF FF FF FF FF FF FF FF FF FF FF FF FF FF FF FF
FF FF FF FF FF FF FF FF FF FF FF FF FF FF FF FF
6F 10 FF 00 FA 05 FF 00 26 51 FF 00 AF 50 FF 00
EE 11 FF 00 AA 55 FF 00 EE 11 FD 02 BA 45 FF 00
AA 55 FF 00 AA 55 FF 00 AA 55 DD 22 AA 55 7F 80
EA 15 FD 02 AA 55 FF 00 AE 51 CD 32 AA 55 FF 00
AA 55 DF 20 AA 55 FF 00 AA 55 FF 00 AA 55 FF 00
AA 55 C7 38 AA 55 77 88 AA 55 D6 29 AA 55 D3 2C
AA 55 DD 22 AA 55 B5 4A AA 55 FF 00 AA 55 54 AB
AA 55 D0 2F AA 55 95 6A AA 55 48 B7 AA 55 01 FE
AA 55 04 FB AA 55 00 FF AA 55 40 BF AA 55 04 FB
AA 55 44 BB AA 55 00 FF AA 55 00 FF 2A D5 00 FF
AB 55 00 FF 0A F5 01 FE AA 55 00 FF AA 55 00 FF
AA 55 00 FF AA 55 00 FF 8A 75 44 BB AA 55 00 FF
AA 55 04 FB AA 55 85 7A AA 55 48 B7 AA 55 05 FA
AA 55 5D A2 AA 55 10 EF AA 55 CD 32 AA 55 15 EA
AA 55 DD 22 AA 55 15 EA AA 55 DD 22 AA 55 17 E8
AA 55 7C 83 AA 55 57 A8 AA 55 FF 00 AA 55 F3 0C
FF FF FF FF FF FF FF FF FF FF FF FF FF FF FF FF
FF FF FF FF FF FF FF FF FF FF FF FF FF FF FF FF
FF FF FF FF FF FF FF FF FF FF FF FF FF FF FF FF
FF FF FF FF FF FF FF FF FF FF FF FF FF FF FF FF
7E 01 FF 00 FF 00 FF 00 37 40 FF 00 7F 00 FF 00
FE 01 FF 00 AA 55 FF 00 66 11 FF 00 FA 05 FF 00
6A 15 FF 00 FB 04 FF 00 EA 15 FF 00 AA 55 FF 00
BA 45 FD 02 AA 55 FF 00 BA 45 FD 02 AA 55 FD 02
AA 55 FF 00 AA 55 F7 08 AA 55 75 8A AA 55 15 EA
AA 55 D4 2B AA 55 51 AE AA 55 41 BE AA 55 20 DF
AA 55 80 7F AA 55 23 DC BA 55 00 FF AA 55 00 FF
AF 50 3F C0 DF 00 FF 00 6E 11 3F C0 99 74 10 EF
EA 15 FF 00 AB 54 FF 00 6F 11 F0 0F D7 3D 00 FF
AA 55 00 FF DA 35 00 FF 7A D5 00 FF 82 7D 00 FF
AA 55 00 FF 22 DD 00 FF AA 55 0C F3 22 DD 00 FF
A8 57 04 FB AA 55 00 FF AA 55 04 FB AA 55 04 FB
AA 55 04 FB AA 55 20 DF AA 55 04 FB AA 55 55 AA
AA 55 0C F3 AA 55 00 FF AA 55 45 BA AA 55 40 BF
AA 55 CD 32 AA 55 21 DE 8A 75 05 FA AA 55 05 FA
AE 51 C7 38 AA 55 F7 08 AA 55 DF 20 AA 55 FF 00
FF FF FF FF FF FF FF FF FF FF FF FF FF FF FF FF
FF FF FF FF FF FF FF FF FF FF FF FF FF FF FF FF
!{"command":"DATA","compressed":0,"more":1}
FF FF FF FF FF FF FF FF FF FF FF FF FF FF FF FF
FF FF FF FF FF FF FF FF FF FF FF FF FF FF FF FF
7F 00 FF 00 5D 00 FF 00 76 01 FF 00 7E 01 FF 00
E7 10 FF 00 FA 05 FF 00 2E 51 FF 00 EA 15 FF 00
EA 15 FF 00 AA 55 F7 08 EE 11 FF 00 EA 15 FF 00
AA 55 DD 22 AA 55 FF 00 AA 55 E2 1C A5 50 6A 80
AA 55 EE 11 AA 55 30 CF 56 01 3B 00 55 00 AA 00
9A 75 00 FF AA 55 40 BF BA 55 80 7F 5A 05 AC 03
AB 55 00 FF A2 5D 00 FF AD 57 10 FF 2E D5 02 FD
8E 75 00 FF 16 FD 00 FF 7A D5 08 F7 AA 55 01 FE
F8 57 00 FF AC 51 00 FF AA 55 40 BF AA 55 00 FF
99 77 00 FF 5E F5 E8 1F C1 77 01 FE A9 57 00 FF
E2 5D 00 FF C7 7D 00 FF 10 FF 03 FC 51 FF 02 FD
12 FD 1F F0 6B D4 7F 80 6E 11 FF 00 FF 00 1F E0
AA 55 F0 0F FE 01 FF 00 AE 51 FD 02 BF 40 FF 00
AA 55 05 FA AA 55 C2 3D A8 57 D0 2F A2 5D 80 7F
AA 55 05 FA AA 55 01 FE AA 55 EE 11 AA 55 51 AE
AA 55 5F A0 AA 55 D7 28 AA 55 DF 20 AA 55 2F D0
FF FF FF FF FF FF FF FF FF FF FF FF FF FF FF FF
FF FF FF FF FF FF FF FF FF FF FF FF FF FF FF FF
FF FF FF FF FF FF FF FF FF FF FF FF FF FF FF FF
FF FF FF FF FF FF FF FF FF FF FF FF FF FF FF FF
6E 11 FF 00 BE 41 FF 00 7E 01 FF 00 7F 00 FF 00
E3 14 FF 00 AA 55 FF 00 6E 11 FF 00 AB 54 FF 00
FF 00 F2 0C E9 14 F4 0B EA 15 F4 0B EA 15 F5 0A
55 00 3B 00 55 00 EA 00 A5 50 D3 2C B8 47 67 98
55 00 AB 00 55 00 A8 03 5E 05 00 3F CD 76 04 F8
5C 07 91 3F CD 76 0E F8 D5 60 DB 80 55 00 AA 00
5A F5 64 9B 56 01 AB 00 55 00 BB 00 55 00 AA 00
AA 55 70 8F AE 51 80 7F 45 1F BA 01 55 01 EA 07
AA 55 84 7B AB 55 81 7F 28 D7 C0 3F F7 5D 00 FF
B5 5F 00 FF F2 5D 00 FF 6A D5 C0 3F AA 55 5C E3
AA 55 44 BB AA 55 03 FC AA 55 04 FB AA 55 02 FD
B7 5C 49 B7 AA 55 35 CA AA 55 48 B7 AA 55 08 F7
EA 15 3D C3 80 7F 30 CF 91 7F 00 FF 00 FF 10 EF
40 FF 00 FF 42 FD 00 FF D0 7F 00 FF 26 DD 01 FE
AA 55 54 AB AA 55 00 FF AA 55 4C B3 AA 55 10 EF
AA 55 CD 32 AA 55 55 AA AA 55 1C E3 AA 55 21 DE
FF FF FF FF FF FF FF FF FF FF FF FF FF FF FF FF
FF FF FF FF FF FF FF FF FF FF FF FF FF FF FF FF
!{"command":"INQY","status":{"lowbatt":0,"jam":0,"err":0,"pkterr":0,"unproc":1,"full":0,"bsy":0,"chk_err":0}}
!{"command":"DATA","compressed":0,"more":1}
FF FF FF FF FF FF FF FF FF FF FF FF FF FF FF FF
FF FF FF FF FF FF FF FF FF FF FF FF FF FF FF FF
7E 01 FF 00 7F 00 FF 00 6E 11 FF 00 5F 00 FF 00
6E 11 FF 00 FE 01 FF 00 EE 11 FF 00 B8 45 FF 00
EA 15 F4 0B BA 45 F5 0A FA 05 FC 03 FA 05 F9 06
AB 54 C6 39 AA 55 75 8A AA 55 C1 3E AA 55 34 CB
AD 50 34 CE AF 51 17 E8 B7 41 1E E0 AA 55 5F A0
55 00 32 00 55 80 02 F0 67 1C B9 47 2D 10 EC 02
55 00 B3 00 55 00 AA 01 55 07 60 9F EA 55 81 3E
55 0F F0 3F 62 DD 03 FC BA 55 3F C0 EA 15 FF 00
EA 55 64 9B AA 55 00 FF AA 55 EC 13 AA 55 FF 00
BE 55 01 FF AA 55 00 FF AA 55 44 BB AA 55 09 F6
AA 55 64 9B CA 75 00 FF 9A 75 00 FF B1 5F 00 FF
A6 5D 00 FF DE 75 00 FF 9A 75 10 EF 2A D5 41 BE
2F D5 80 7F A7 5D 40 BF A1 5F 40 BF AA 55 40 BF
16 FD 00 FF 8E 75 00 FF 9A 75 02 FD A2 5D 00 FF
AA 55 00 FF AA 55 05 FA AA 55 C4 3B AA 55 10 EF
AA 55 D4 2B AA 55 18 E7 AA 55 44 BB AA 55 44 BB
FF FF FF FF FF FF FF FF FF FF FF FF FF FF FF FF
FF FF FF FF FF FF FF FF FF FF FF FF FF FF FF FF
FF FF FF FF FF FF FF FF FF FF FF FF FF FF FF FF
FF FF FF FF FF FF FF FF FF FF FF FF FF FF FF FF
77 00 FF 00 5D 00 FF 00 77 00 FF 00 5D 00 FF 00
77 00 FF 00 DB 04 FF 00 76 01 FF 00 5D 00 FF 00
E2 15 FD 02 FA 05 FD 02 7E 01 FF 00 DB 04 FE 01
AA 55 5D A2 AA 55 FF 00 AA 55 DE 21 AA 55 F7 08
AE 51 4F B0 AB 54 8F 70 A7 50 CF 30 AF 50 EF 10
6D 10 FF 00 9F 40 FF 00 66 11 FF 00 FB 04 FF 00
AA 55 84 73 AD 54 83 7B 30 50 C0 38 A5 58 C8 38
6A 15 7F 80 E6 51 A3 1C F1 47 14 19 46 03 00 00
AA 55 CD 32 AA 55 D7 28 AA 55 0F F0 52 3D E0 CF
AA 55 DC 23 AF 55 A0 5F B9 57 00 FF A2 5D 00 FF
59 F7 00 FF E9 57 00 FF A9 57 00 FF AB 55 00 FF
2A D5 04 FB AA 55 75 8A AA 55 54 AB 2A D5 7F 80
AB 55 40 BF BA 55 40 BF BB 55 C0 3F AA 55 C3 3C
8A 75 05 FA 8A 75 10 EF AA 55 D4 2B AA 55 70 8F
AA 55 44 BB AA 55 14 EB AA 55 64 9B AA 55 34 CB
AA 55 D6 29 AA 55 C1 3E AA 55 D4 2B AA 55 1E E1
FF FF FF FF FF FF FF FF FF FF FF FF FF FF FF FF
FF FF FF FF FF FF FF FF FF FF FF FF FF FF FF FF
!{"command":"DATA","compressed":0,"more":1}
FF FF FF FF FF FF FF FF FF FF FF FF FF FF FF FF
FF FF FF FF FF FF FF FF FF FF FF FF FF FF FF FF
7F 00 FF 00 5D 00 FF 00 77 00 FF 00 5F 00 FF 00
77 00 FF 00 DD 00 FF 00 7F 00 FF 00 DD 00 FF 00
6F 11 FF 01 FF 01 FE 01 6E 11 FF 00 CF 10 FF 00
5A 25 16 09 06 01 01 00 00 00 80 00 40 80 00 80
AF 50 C7 38 AF 50 67 98 6A 15 20 1F 1B 14 01 1E
7E 01 FF 00 AB 54 FF 00 E6 11 FF 00 AF 50 CF 30
A5 58 C8 38 A4 58 C4 38 69 14 C0 3C ED 14 D4 2C
15 00 00 00 05 00 00 00 11 00 00 00 45 00 00 00
1C 33 00 0F 50 07 0C 03 54 03 04 03 54 03 02 03
EA 55 00 FF 2A D5 00 FF AA 55 04 FB 2A D5 02 FD
AB 55 00 FF EB 55 00 FF A8 57 44 BB A9 57 00 FF
AA 55 5E A1 AA 55 18 E7 AA 55 43 BC A2 5D 0C F3
EA 55 07 F8 BA 55 47 B8 9A 75 4D B2 BA 55 47 B8
AA 55 C9 36 AA 55 41 BE BA 55 6C 93 AA 55 C9 36
AA 55 44 BB AA 55 55 AA AA 55 5C A3 AA 55 35 CA
AA 55 E4 1B AA 55 57 A8 AA 55 D4 2B AA 55 47 B8
FF FF FF FF FF FF FF FF FF FF FF FF FF FF FF FF
FF FF FF FF FF FF FF FF FF FF FF FF FF FF FF FF
FF FF FF FF FF FF FF FF FF FF FF FF FF FF FF FF
FF FF FF FF FF FF FF FF FF FF FF FF FF FF FF FF
76 01 FF 00 5D 00 FF 00 77 00 FF 00 5D 00 FF 00
77 00 FF 00 D9 04 FF 00 FF 00 FF 00 DF 00 FF 00
77 00 FF 00 FF 00 FF 00 F7 00 FF 00 FB 04 FF 00
C0 00 80 00 80 40 C0 40 40 40 E0 00 F0 10 F0 0C
0B 14 13 0C 13 0C 01 0E 03 0C 09 0E 02 0D 09 06
9A 45 94 23 99 44 F8 03 7B 04 FF 00 FD 00 FF 00
ED 14 C6 3C AD 54 C0 3C 89 56 85 3B 8A 55 F6 09
11 00 00 00 01 00 00 00 11 00 80 00 75 C0 40 38
15 03 00 03 44 03 00 03 54 03 00 03 54 03 00 03
AA 55 04 FB AA 55 01 FE AA 55 21 DE AA 55 00 FF
AB 55 00 FF AA 55 00 FF BA 55 00 FF AE 55 00 FF
8B 75 2C D3 AA 55 FB 04 A8 57 FA 05 AA 55 B5 4A
AA 55 0F F0 EA 55 84 7B AA 55 80 7F AA 55 83 7C
AA 55 04 FB AA 55 52 AD AA 55 CC 33 AA 55 D5 2A
AA 55 0D F2 AA 55 15 EA AA 55 F7 08 AA 55 5F A0
AA 55 5F A0 AA 55 76 89 AA 55 FF 00 AA 55 F7 08
FF FF FF FF FF FF FF FF FF FF FF FF FF FF FF FF
FF FF FF FF FF FF FF FF FF FF FF FF FF FF FF FF
!{"command":"INQY","status":{"lowbatt":0,"jam":0,"err":0,"pkterr":0,"unproc":1,"full":0,"bsy":0,"chk_err":0}}
!{"command":"DATA","compressed":0,"more":1}
FF FF FF FF FF FF FF FF FF FF FF FF FF FF FF FF
FF FF FF FF FF FF FF FF FF FF FF FF FF FF FF FF
77 00 FF 00 5D 00 FF 00 77 00 FF 00 55 00 FF 00
7E 01 FF 00 DD 00 FF 00 72 05 FF 00 DF 00 FF 00
7E 01 FF 00 DF 00 FF 00 76 01 FF 00 FF 00 FF 00
75 02 FA 01 AD 50 FF 00 66 11 EF 10 8B 54 FF 00
02 05 00 87 72 45 AF 10 7A 05 FC 03 F2 05 FF 00
76 01 FF 00 9D 40 FF 00 77 00 FF 00 B9 44 DF 20
6A 15 F1 0E CB 14 F5 0A 7B 04 FD 02 FA 05 F6 09
17 CC 21 33 59 0C E6 03 55 00 BB 00 55 00 FF 00
54 03 00 83 56 E1 44 3B 12 CD 60 33 54 0D F4 03
AA 55 80 7F AA 55 40 BF AA 55 08 F7 AA 55 25 DA
A8 57 00 FF AE 55 00 FF AA 55 08 F7 AA 55 01 FE
AA 55 D9 26 AA 55 CC 33 AA 55 D0 2F AA 55 C5 3A
AA 55 0F F0 AA 55 1F E0 AA 55 9F 60 AA 55 3F C0
AA 55 C4 3B AA 55 9A 65 AA 55 85 7A AA 55 B7 48
AA 55 57 A8 AA 55 57 A8 AA 55 5F A0 AA 55 37 C8
AA 55 EF 10 AE 51 FF 00 AA 55 FF 00 AA 55 EF 10
FF FF FF FF FF FF FF FF FF FF FF FF FF FF FF FF
FF FF FF FF FF FF FF FF FF FF FF FF FF FF FF FF
FF FF FF FF FF FF FF FF FF FF FF FF FF FF FF FF
FF FF FF FF FF FF FF FF FF FF FF FF FF FF FF FF
77 00 FF 00 5D 00 FF 00 77 00 FF 00 55 00 FF 00
36 41 FF 00 DD 00 FF 00 77 00 FF 00 55 00 FF 00
66 11 FF 00 FF 00 FF 00 77 00 FF 00 79 04 FF 00
7F 00 FF 00 B8 45 FF 00 73 04 FF 00 7F 00 FF 00
76 01 FC 03 DA 05 FF 00 76 01 FF 00 D4 01 FF 00
CF 10 21 B6 CC 09 06 82 50 81 00 80 80 40 80 40
7A 05 F8 07 FA 05 FE 41 EA 15 64 4B 12 15 06 09
55 00 3B 00 55 00 EF 00 55 00 3B 00 55 00 EE 00
56 01 FA 01 56 01 FE 01 56 01 BA 01 54 01 FF 00
AA 55 01 FE AA 55 08 F7 AA 55 E6 19 AA 55 57 A8
AA 55 44 BB AA 55 22 DD AA 55 51 AE AA 55 5D A2
AA 55 04 FB AA 55 75 8A AA 55 5E A1 AA 55 FF 00
AE 51 3C C3 AA 55 35 CA AA 55 DD 22 AA 55 77 88
AA 55 BD 42 AA 55 FF 00 AA 55 DE 21 AA 55 FF 00
AA 55 FE 01 AB 54 FF 00 AA 55 DF 20 AE 51 FF 00
AA 55 FF 00 AA 55 FF 00 AA 55 FF 00 AB 54 FF 00
FF FF FF FF FF FF FF FF FF FF FF FF FF FF FF FF
FF FF FF FF FF FF FF FF FF FF FF FF FF FF FF FF
!{"command":"DATA","compressed":0,"more":1}
FF FF FF FF FF FF FF FF FF FF FF FF FF FF FF FF
FF FF FF FF FF FF FF FF FF FF FF FF FF FF FF FF
77 00 FF 00 55 00 FF 00 77 00 FB 00 55 00 EF 00
77 00 FF 00 DD 00 FF 00 75 00 FF 00 55 00 FF 00
77 00 FF 00 DD 00 FF 00 77 00 FF 00 55 00 FF 00
75 00 FF 00 5D 00 FF 00 57 00 FF 00 55 00 FF 00
76 01 FF 00 DF 00 FF 00 77 00 FF 00 5D 00 FF 00
80 40 A0 40 C0 40 80 40 30 40 D0 20 5C 00 FE 00
12 05 05 02 06 01 03 00 06 01 01 02 02 01 03 00
B5 40 BB 10 8D 44 A0 13 59 04 BB 02 D5 00 AA 00
54 01 BA 01 54 01 EF 00 14 C1 43 30 4C 91 4B 24
AA 55 FF 00 AA 55 FF 00 AA 55 FF 00 B8 45 FF 00
AA 55 FD 02 AA 55 FF 00 AB 54 FF 00 AB 54 FF 00
AA 55 FF 00 BA 45 F7 08 EE 11 FF 00 EA 15 FF 00
AA 55 FF 00 AA 55 FF 00 2E 51 FF 00 BB 44 FF 00
EA 15 FF 00 AF 50 FF 00 EE 11 FF 00 BD 40 FF 00
AE 51 FF 00 DD 00 FF 00 2E 51 FF 00 BF 40 FF 00
BF 40 FF 00 FD 00 FF 00 E7 10 FF 00 FD 00 FF 00
FF FF FF FF FF FF FF FF FF FF FF FF FF FF FF FF
FF FF FF FF FF FF FF FF FF FF FF FF FF FF FF FF
FF FF FF FF FF FF FF FF FF FF FF FF FF FF FF FF
FF FF FF FF FF FF FF FF FF FF FF FF FF FF FF FF
55 00 3F 00 55 00 FF 00 55 00 BB 00 55 00 AF 00
55 00 BB 00 55 00 FF 00 75 00 BB 00 55 00 FF 00
55 00 BF 00 55 00 FF 00 55 00 BB 00 55 00 FF 00
57 00 FF 00 55 00 FF 00 55 00 BF 00 55 00 FF 00
57 00 FF 00 55 00 FF 00 57 00 BF 00 55 00 FF 00
76 01 FF 00 55 00 FF 00 55 00 BF 00 55 00 FF 00
02 01 C3 00 70 01 FB 00 50 05 FF 00 55 00 FF 00
D5 00 A2 00 D5 00 8A 00 55 00 C2 00 15 40 F0 00
5A 11 2F 04 56 01 AB 00 54 01 23 00 55 00 83 00
AE 51 FF 00 BE 41 FF 00 AE 51 FF 00 FD 00 FF 00
7E 01 FF 00 BB 44 FF 00 66 11 FF 00 FD 00 FF 00
E2 15 FF 00 AA 55 FF 00 F6 01 FF 00 BD 40 FF 00
E7 10 FF 00 FB 04 FF 00 77 00 FF 00 DD 00 FF 00
E7 10 FF 00 FD 00 FF 00 77 00 FF 00 1D 40 FF 00
FF 00 FF 00 DD 00 FF 00 77 00 FF 00 D5 00 FF 00
77 00 FF 00 D5 00 FF 00 77 00 FF 00 55 00 FF 00
FF FF FF FF FF FF FF FF FF FF FF FF FF FF FF FF
FF FF FF FF FF FF FF FF FF FF FF FF FF FF FF FF
!{"command":"INQY","status":{"lowbatt":0,"jam":0,"err":0,"pkterr":0,"unproc":1,"full":0,"bsy":0,"chk_err":0}}
!{"command":"DATA","compressed":0,"more":1}
FF FF FF FF FF FF FF FF FF FF FF FF FF FF FF FF
FF FF FF FF FF FF FF FF FF FF FF FF FF FF FF FF
55 00 3B 00 55 00 AA 00 55 00 2B 00 55 00 08 00
55 00 BB 00 55 00 ED 00 55 00 AB 00 55 00 8A 00
55 00 BB 00 55 00 EE 00 55 00 BB 00 55 00 AA 00
55 00 BB 00 55 00 FF 00 55 00 BB 00 55 00 EA 00
55 00 FF 00 55 00 BF 00 55 00 BB 00 55 00 AA 00
55 00 BF 00 55 00 EF 00 55 00 FB 00 55 00 AA 00
57 00 FB 00 55 00 FE 00 55 00 BB 00 55 00 AA 00
75 00 FE 00 55 00 FF 00 55 00 BF 00 55 00 AA 00
54 01 23 00 55 00 C9 00 75 00 F9 00 55 00 BF 00
77 00 FF 00 5D 00 FF 00 55 00 FF 00 55 00 FF 00
77 00 FF 00 55 00 FF 00 55 00 FB 00 55 00 EF 00
77 00 FF 00 55 00 FF 00 55 00 FF 00 55 00 EF 00
75 00 FF 00 55 00 FF 00 55 00 FF 00 55 00 EA 00
75 00 FF 00 55 00 EF 00 55 00 FF 00 55 00 EE 00
75 00 FB 00 55 00 EF 00 55 00 BB 00 55 00 AA 00
75 00 FF 00 55 00 FE 00 55 00 BB 00 55 00 AE 00
FF FF FF FF FF FF FF FF FF FF FF FF FF FF FF FF
FF FF FF FF FF FF FF FF FF FF FF FF FF FF FF FF
FF FF FF FF FF FF FF FF FF FF FF FF FF FF FF FF
FF FF FF FF FF FF FF FF FF FF FF FF FF FF FF FF
55 00 22 00 55 00 00 00 55 00 00 00 55 00 00 00
55 00 22 00 55 00 8A 00 55 00 02 00 55 00 00 00
55 00 2A 00 55 00 08 00 55 00 22 00 55 00 00 00
55 00 A2 00 55 00 A8 00 55 00 22 00 55 00 08 00
55 00 AA 00 55 00 AA 00 55 00 B3 00 55 00 8A 00
55 00 B3 00 55 00 AA 00 55 00 AB 00 55 00 8A 00
55 00 BB 00 55 00 EA 00 55 00 3B 00 55 00 A8 00
55 00 BA 00 55 00 AA 00 55 00 22 00 55 00 A8 00
55 00 F3 00 55 00 EA 00 55 00 B2 00 55 00 8A 00
55 00 2B 00 55 00 AA 00 55 00 B3 00 55 00 AF 00
55 00 BB 00 55 00 AE 00 55 00 22 00 55 00 AC 00
55 00 BB 00 55 00 AA 00 55 00 2B 00 55 00 AA 00
55 00 BA 00 55 00 AA 00 55 00 22 00 55 00 8A 00
55 00 BB 00 55 00 AA 00 55 00 B3 00 55 00 AA 00
55 00 BA 00 55 00 E8 00 55 00 AB 00 55 00 AA 00
55 00 BA 00 55 00 8A 00 55 00 B2 00 55 00 AA 00
FF FF FF FF FF FF FF FF FF FF FF FF FF FF FF FF
FF FF FF FF FF FF FF FF FF FF FF FF FF FF FF FF
!{"command":"DATA","compressed":0,"more":1}
FF FF FF FF FF FF FF FF FF FF FF FF FF FF FF FF
FF FF FF FF FF FF FF FF FF FF FF FF FF FF FF FF
FF FF FF FF FF FF FF FF FF FF FF FF FF FF FF FF
FF FF FF FF FF FF FF FF FF FF FF FF FF FF FF FF
FF FF FF FF FF FF FF FF FF FF FF FF FF FF FF FF
FF FF FF FF FF FF FF FF FF FF FF FF FF FF FF FF
FF FF FF FF FF FF FE FF FC FE FC F8 F9 F1 E3 F3
FF FF FF FF FF FF 77 8F 0E 07 87 7E FC FE FE FC
FF FF FF FF FF FF BF 7E 3C 3E 1E 3C 18 3C 18 3C
FF FF FF FF FF FF 77 FB F1 73 61 73 21 63 20 43
FF FF FF FF FF FF 7B 87 81 03 83 3F 3F 3F 37 0F
FF FF FF FF FF FF BB C7 C3 83 D9 83 C1 9B 82 83
FF FF FF FF FF FF DE E3 C3 80 25 98 19 3C 78 3C
FF FF FF FF FF FF BB 7D 71 39 03 33 23 87 CF 87
FF FF AF D5 FB D5 FB D5 FF FF FF FF FF FF FF FF
FF FF FF FF FF FF FF FF FF FF FF FF FF FF FF FF
FF FF FF FF FF FF FF FF FF FF FF FF FF FF FF FF
FF FF FF FF FF FF FF FF FF FF FF FF FF FF FF FF
FF FF FF FF FF FF FF FF FF FF FF FF FF FF FF FF
FF FF FF FF FF FF FF FF FF FF FF FF FF FF FF FF
FF FF FF FF FF FF FF FF FF FF FF FF FF FF FF FF
FF FF FF FF FF FF FF FF FF FF FF FF FF FF FF FF
FF FF FF FF FF FF FF FF FF FF FF FF FF FF FF FF
FF FF FF FF FF FF FF FF FF FF FF FF FF FF FF FF
FF FF FF FF FF FF FF FF FF FF FF FF FF FF FF FF
FF FF FF FF FF FF FF FF FF FF FF FF FF FF FF FF
E3 F3 F7 E3 E3 F3 F0 F3 F0 F8 FA FC FF FF FF FF
F9 FC 9C 08 88 18 5B 91 03 13 07 33 FF FF FF FF
3D 98 3A 19 93 19 D1 93 C3 93 A7 D3 FF FF FF FF
48 03 18 0B 80 1B B3 18 33 B8 B1 FA FF FF FF FF
0F 07 37 0F 3F 7F 03 7F 01 03 07 03 FF FF FF FF
83 82 38 91 3C 99 A8 11 01 03 8B 07 FF FF FF FF
79 3C 7D 38 78 39 4B 31 81 03 CB 87 FF FF FF FF
8F CF 8F DF CF 9F CF 9F CF 9F FF 9F FF FF FF FF
FF FF FF FF FF FF FF FF FF FF FF FF FF FF FF FF
FF FF FF FF FF FF FF FF FF FF FF FF FF FF FF FF
FF FF FF FF FF FF FF FF FF FF FF FF FF FF FF FF
FF FF FF FF FF FF FF FF FF FF FF FF FF FF FF FF
FF FF FF FF FF FF FF FF FF FF FF FF FF FF FF FF
FF FF FF FF FF FF FF FF FF FF FF FF FF FF FF FF
!{"command":"DATA","compressed":0,"more":0}
!{"command":"PRNT","sheets":1,"margin_upper":0,"margin_lower":3,"pallet":228,"density":64 }
!{"command":"INQY","status":{"lowbatt":0,"jam":0,"err":0,"pkterr":0,"unproc":0,"full":1,"bsy":1,"chk_err":0}}
!{"command":"INQY","status":{"lowbatt":0,"jam":0,"err":0,"pkterr":0,"unproc":0,"full":1,"bsy":1,"chk_err":0}}
!{"command":"INQY","status":{"lowbatt":0,"jam":0,"err":0,"pkterr":0,"unproc":0,"full":1,"bsy":1,"chk_err":0}}
!{"command":"INQY","status":{"lowbatt":0,"jam":0,"err":0,"pkterr":0,"unproc":0,"full":1,"bsy":1,"chk_err":0}}
!{"command":"INQY","status":{"lowbatt":0,"jam":0,"err":0,"pkterr":0,"unproc":0,"full":1,"bsy":1,"chk_err":0}}
!{"command":"INQY","status":{"lowbatt":0,"jam":0,"err":0,"pkterr":0,"unproc":0,"full":1,"bsy":1,"chk_err":0}}
!{"command":"INQY","status":{"lowbatt":0,"jam":0,"err":0,"pkterr":0,"unproc":0,"full":1,"bsy":1,"chk_err":0}}
!{"command":"INQY","status":{"lowbatt":0,"jam":0,"err":0,"pkterr":0,"unproc":0,"full":1,"bsy":1,"chk_err":0}}
!{"command":"INQY","status":{"lowbatt":0,"jam":0,"err":0,"pkterr":0,"unproc":0,"full":1,"bsy":1,"chk_err":0}}
!{"command":"INQY","status":{"lowbatt":0,"jam":0,"err":0,"pkterr":0,"unproc":0,"full":1,"bsy":1,"chk_err":0}}
!{"command":"INQY","status":{"lowbatt":0,"jam":0,"err":0,"pkterr":0,"unproc":0,"full":1,"bsy":1,"chk_err":0}}
!{"command":"INQY","status":{"lowbatt":0,"jam":0,"err":0,"pkterr":0,"unproc":0,"full":1,"bsy":1,"chk_err":0}}
!{"command":"INQY","status":{"lowbatt":0,"jam":0,"err":0,"pkterr":0,"unproc":0,"full":1,"bsy":1,"chk_err":0}}
!{"command":"INQY","status":{"lowbatt":0,"jam":0,"err":0,"pkterr":0,"unproc":0,"full":1,"bsy":1,"chk_err":0}}
!{"command":"INQY","status":{"lowbatt":0,"jam":0,"err":0,"pkterr":0,"unproc":0,"full":1,"bsy":1,"chk_err":0}}
!{"command":"INQY","status":{"lowbatt":0,"jam":0,"err":0,"pkterr":0,"unproc":0,"full":1,"bsy":1,"chk_err":0}}
!{"command":"INQY","status":{"lowbatt":0,"jam":0,"err":0,"pkterr":0,"unproc":0,"full":1,"bsy":1,"chk_err":0}}
!{"command":"INQY","status":{"lowbatt":0,"jam":0,"err":0,"pkterr":0,"unproc":0,"full":1,"bsy":1,"chk_err":0}}
!{"command":"INQY","status":{"lowbatt":0,"jam":0,"err":0,"pkterr":0,"unproc":0,"full":1,"bsy":1,"chk_err":0}}
!{"command":"INQY","status":{"lowbatt":0,"jam":0,"err":0,"pkterr":0,"unproc":0,"full":1,"bsy":1,"chk_err":0}}
# Finished Pretending To Print for fun!
!{"command":"INQY","status":{"lowbatt":0,"jam":0,"err":0,"pkterr":0,"unproc":0,"full":1,"bsy":0,"chk_err":0}}
!{"command":"INIT"}
!{"command":"DATA","compressed":0,"more":1}
FF FF FF FF FF FF FF FF FF FF FF FF FF FF FF FF
FF FF FF FF FF FF FF FF FF FF FF FF FF FF FF FF
FF FF FF FF FF FF FF FF FF FF FF FF FF FF FF FF
FF FF FF FF FF FF FF FF FF FF FF FF FF FF FF FF
FF FF FF FF FF FF FF FF FF FF FF FF FF FF FF FF
FF FF FF FF FE FF FE FE FE FE FE FE FE FE FE FE
FF FF FF FF 1C FF 3E 1C 0C 1C 04 0C 0C 04 24 04
FF FF FF FF 63 FF 07 63 43 23 63 3F 02 62 02 62
FF FF FF FF FF FF FF FF FF FF F7 FE 03 01 11 00
FF FF FF FF FF FF 8F FF 47 8F 05 03 00 8E C8 8C
FF FF FF FF FF FF FF FF FF FF 7F 9F 0E 04 E0 46
FF FF FF FF FF FF FF FF FF FF E7 FF 41 03 21 01
FF FF FF FF F8 FF F0 F8 F0 F8 E0 F8 C0 80 18 00
FF FF FF FF FF FF 7F FF 7E FF 6D F3 61 C0 44 8C
FF FF FF FF BF FF BF 1F 5F 0F 0F 1F 9F FF 3F 7F
FF FF FF FF FF FF FF FF FF FF FF FF FF FF FF FF
FF FF FF FF FF FF FF FF FF FF FF FF FF FF FF FF
FF FF FF FF FF FF FF FF FF FF FF FF FF FF FF FF
FF FF FF FF FF FF FF FF FF FF FF FF FF FF FF FF
FF FF FF FF FF FF FF FF FF FF FF FF FF FF FF FF
FF FF FF FF FF FF FF FF FF FF FF FF FF FF FF FF
FF FF FF FF FF FF FF FF FF FF FF FF FF FF FF FF
FF FF FF FF FF FF FF FF FF FF FF FF FF FF FF FF
FF FF FF FF FF FF FF FF FF FF FF FF FF FF FF FF
FF FF FF FF FF FF FF FF FF FF FF FF FF FF FF FF
FE FE FE FE FE FE FE FE FE FE FF FF FF FF FF FF
24 10 30 10 30 18 3C 18 18 3C FF FF FF FF FF FF
02 62 02 62 02 62 42 22 02 62 FF FF FF FF FF FF
19 30 19 30 19 30 19 30 11 38 FF FF FF FF FF FF
4C 88 4C 88 4C 88 48 8C CC 8E FF FF FF FF FF FF
06 00 FA 04 7A E4 A2 44 06 0C FF FF FF FF FF FF
20 31 21 30 20 31 21 31 61 31 FF FF FF FF FF FF
00 18 00 18 00 18 98 00 C0 80 FF FF FF FF FF FF
04 8C 84 0C 04 8C 48 84 61 C0 FF FF FF FF FF FF
7F 3F 7F 3F 7F 3F 3F 7F 7F FF FF FF FF FF FF FF
FF FF FF FF FF FF FF FF FF FF FF FF FF FF FF FF
FF FF FF FF FF FF FF FF FF FF FF FF FF FF FF FF
FF FF FF FF FF FF FF FF FF FF FF FF FF FF FF FF
FF FF FF FF FF FF FF FF FF FF FF FF FF FF FF FF
FF FF FF FF FF FF FF FF FF FF FF FF FF FF FF FF
!{"command":"INQY","status":{"lowbatt":0,"jam":0,"err":0,"pkterr":0,"unproc":1,"full":0,"bsy":0,"chk_err":0}}
!{"command":"DATA","compressed":0,"more":1}
FF FF FF FF FF FF FF FF FF FF FF FF FF FF FF FF
FF FF FF FF FF FF FF FF FF FF FF FF FF FF FF FF
6E 11 FF 00 EA 15 FF 00 22 55 FF 00 AE 51 FF 00
AA 55 DD 22 AA 55 FD 02 AA 55 FD 02 AA 55 F5 0A
AA 55 6D 92 AA 55 DE 21 AA 55 DD 22 AA 55 55 AA
AA 55 D4 2B AA 55 54 AB AA 55 CC 33 AA 55 D3 2C
AA 55 40 BF AA 55 44 BB AA 55 44 BB AA 55 55 AA
AA 55 00 FF AA 55 05 FA AA 55 44 BB AA 55 42 BD
AA 55 04 FB AA 55 00 FF AA 55 04 FB AA 55 00 FF
AA 55 40 BF AA 55 00 FF AA 55 00 FF AA 55 00 FF
8A 75 00 FF AE 55 00 FF A8 57 00 FF 2C D7 00 FF
AB 55 00 FF 28 D7 00 FF 8B 75 00 FF 22 DD 00 FF
8B 75 00 FF 08 F7 00 FF 02 FD 00 FF 0E F5 00 FF
AA 55 00 FF 1F F5 00 FF 88 77 00 FF EA 55 00 FF
88 77 00 FF 22 DD 00 FF AA 55 00 FF E2 5D 00 FF
A8 57 44 BB 2A D5 00 FF 8A 75 80 7F AA 55 00 FF
AA 55 05 FA AA 55 01 FE AA 55 0D F2 AA 55 05 FA
AE 51 FF 00 AA 55 F7 08 AA 55 FF 00 AF 50 F7 08
FF FF FF FF FF FF FF FF FF FF FF FF FF FF FF FF
FF FF FF FF FF FF FF FF FF FF FF FF FF FF FF FF
FF FF FF FF FF FF FF FF FF FF FF FF FF FF FF FF
FF FF FF FF FF FF FF FF FF FF FF FF FF FF FF FF
FA 05 FF 00 AA 55 FF 00 AA 55 FF 00 7B 04 FF 00
AA 55 FD 02 AA 55 7D 82 AA 55 FF 00 AA 55 F7 08
AA 55 FF 00 AA 55 FD 02 AA 55 5F A0 AA 55 F5 0A
AA 55 DC 23 AA 55 C1 3E AA 55 D5 2A AA 55 51 AE
AA 55 05 FA AA 55 50 AF AA 55 40 BF AA 55 10 EF
AA 55 40 BF AA 55 00 FF AA 55 00 FF AA 55 00 FF
A9 57 00 FF AA 55 00 FF BB 55 00 FF EA 55 00 FF
AA 55 04 FB AA 55 10 EF AA 55 00 FF 8A 75 10 EF
BA 55 00 FF AA 55 00 FF A9 57 40 BF B7 5D 00 FF
08 F7 00 FF 94 7F 00 FF 72 DD 00 FF C0 7F 00 FF
88 77 00 FF 21 DF 00 FF A8 57 00 FF 02 FD 00 FF
A8 57 00 FF 8E 75 00 FF B9 57 00 FF AA 55 01 FE
AA 55 00 FF 82 7D 00 FF 9B 75 00 FF A8 57 14 EB
88 77 00 FF 0A F5 00 FF CA 75 00 FF A2 5D 00 FF
AA 55 0D F2 AA 55 21 DE 8A 75 05 FA AA 55 07 F8
EE 11 FF 00 BA 45 FF 00 AA 55 FF 00 AA 55 FF 00
FF FF FF FF FF FF FF FF FF FF FF FF FF FF FF FF
FF FF FF FF FF FF FF FF FF FF FF FF FF FF FF FF
!{"command":"DATA","compressed":0,"more":1}
FF FF FF FF FF FF FF FF FF FF FF FF FF FF FF FF
FF FF FF FF FF FF FF FF FF FF FF FF FF FF FF FF
6F 10 FF 00 CF 10 FF 00 22 55 FF 00 AE 51 FF 00
AA 55 FF 00 BA 45 FF 00 2A 55 FD 02 EA 15 FF 00
AA 55 DE 21 AA 55 D5 2A EA 15 DD 22 AA 55 F5 0A
AA 55 44 BB AA 55 A1 5E AA 55 C9 36 AA 55 57 A8
AA 55 00 FF AA 55 10 EF AA 55 F4 0B AA 55 FF 00
BE 55 00 FF FE 55 00 FF BC 57 00 FF AA 55 D4 2B
1B F5 00 FF A2 5D 00 FF BD 57 11 FF A5 5F 01 FE
8B 75 00 FF 17 FD 03 FC 5A F5 9F E0 BA 45 FF 00
F5 5F 00 FF AA 55 F3 0C EE 11 FF 00 FE 01 FF 00
99 77 00 FF FF 55 C0 3F A9 57 F2 0D A8 57 F1 0F
E1 5F 00 FF C7 7D 04 FF 11 FF 00 FF 56 FD 00 FF
5A F5 00 FF 6A D5 00 FF AA 55 00 FF AA 55 00 FF
AA 55 40 BF A2 5D 00 FF EA 55 40 BF AA 55 00 FF
AB 55 04 FB AA 55 40 BF A8 57 40 BF A2 5D 01 FE
8A 75 05 FA AA 55 01 FE AA 55 00 FF AA 55 41 BE
AA 55 7F 80 AB 54 DF 20 AA 55 5F A0 AA 55 2F D0
FF FF FF FF FF FF FF FF FF FF FF FF FF FF FF FF
FF FF FF FF FF FF FF FF FF FF FF FF FF FF FF FF
FF FF FF FF FF FF FF FF FF FF FF FF FF FF FF FF
FF FF FF FF FF FF FF FF FF FF FF FF FF FF FF FF
2A 55 FF 00 BA 45 FF 00 6E 11 FF 00 FA 05 FF 00
AA 55 FF 00 AA 55 F7 08 AA 55 FF 00 AA 55 FF 00
AA 55 F5 0A AA 55 71 8E AA 55 F4 0B AA 55 F1 0E
AA 55 FD 02 AA 55 7F 80 A2 55 50 AF AA 55 63 9C
AA 55 FC 03 AA 55 74 8B AB 55 C0 3F 94 7F 02 FD
A8 57 C0 3F 8E 75 01 FE 8A 75 1E E1 AA 55 FF 00
5B F4 04 FB AA 55 67 98 AA 55 DD 22 AA 55 FF 00
6A 15 FF 00 AF 50 03 FC A9 57 CC 33 AA 55 40 BF
EE 11 FF 00 FA 05 FD 03 A9 57 00 FF B7 5D 04 FF
E5 1F C0 3F F6 5D 00 FF 58 F7 00 FF A3 5D 00 FF
CA 75 00 FF AF 55 00 FF BA 55 00 FF 68 D7 00 FF
B2 5D 01 FF 8A 75 01 FE AA 55 00 FF A1 5F 00 FF
AA 55 01 FF E0 5F 00 FF 89 77 20 FF 04 FF 00 FF
00 FF 00 FF 42 FD 00 FF D2 7D 20 FF 46 FD 00 FF
AA 55 00 FF AA 55 00 FF 8A 75 00 FF AA 55 10 EF
AA 55 4D B2 AA 55 55 AA AA 55 1C E3 AA 55 21 DE
FF FF FF FF FF FF FF FF FF FF FF FF FF FF FF FF
FF FF FF FF FF FF FF FF FF FF FF FF FF FF FF FF
!{"command":"INQY","status":{"lowbatt":0,"jam":0,"err":0,"pkterr":0,"unproc":1,"full":0,"bsy":0,"chk_err":0}}
!{"command":"DATA","compressed":0,"more":1}
FF FF FF FF FF FF FF FF FF FF FF FF FF FF FF FF
FF FF FF FF FF FF FF FF FF FF FF FF FF FF FF FF
6E 11 FF 00 FB 04 FF 00 2E 51 FF 00 FF 00 FF 00
AA 55 FF 00 AA 55 FF 00 EE 11 FF 00 B8 45 FF 00
AA 55 FC 03 AA 55 F5 0A AA 55 FC 03 BA 45 FD 02
AA 55 C4 3B AA 55 54 AB AA 55 40 BF AA 55 04 FB
8A 75 01 FE AB 55 07 F8 AA 55 0F F0 AA 55 05 FA
AA 55 ED 12 AA 55 5F A0 AA 55 FC 03 EC 11 FF 00
AA 55 CD 32 AA 55 FC 03 A9 57 40 BF BE 55 C0 3F
AD 57 80 7F 92 7D 02 FD FA 55 00 FF AA 55 20 DF
7A D5 00 FF AA 55 00 FF AE 55 00 FF AA 55 00 FF
8A 75 00 FF A2 5D 00 FF 8A 75 00 FF AA 55 00 FF
8B 75 00 FF EA 55 00 FF 99 77 00 FF 31 DF 00 FF
87 7D 00 FF D6 7D 00 FF DA 75 00 FF 2A D5 01 FE
AD 57 00 FF A7 5D 40 BF A1 5F 40 BF B0 5F 40 BF
56 FD 00 FF CA 75 00 FF 9A 75 00 FF 82 7D 00 FF
AA 55 00 FF AA 55 01 FE AA 55 00 FF AA 55 00 FF
AA 55 54 AB AA 55 1C E3 AA 55 04 FB AA 55 04 FB
FF FF FF FF FF FF FF FF FF FF FF FF FF FF FF FF
FF FF FF FF FF FF FF FF FF FF FF FF FF FF FF FF
FF FF FF FF FF FF FF FF FF FF FF FF FF FF FF FF
FF FF FF FF FF FF FF FF FF FF FF FF FF FF FF FF
76 01 FF 00 5D 00 FF 00 67 10 FF 00 5D 00 FF 00
EF 10 FF 00 FB 04 FF 00 F6 01 FF 00 DF 00 FF 00
EE 11 FD 02 FA 05 FF 00 6E 11 FF 00 DB 04 FF 00
AA 55 CD 32 AA 55 F3 0C AA 55 DF 20 AA 55 F7 08
AA 55 4F B0 AA 55 8D 72 AA 55 CD 32 AA 55 C3 3C
AA 55 CB 34 AA 55 FF 00 AA 55 DE 21 AA 55 7B 84
B8 57 8C 73 A9 54 86 79 B9 54 87 78 BA 55 87 78
AA 55 40 BF AA 55 F3 0C B1 47 E6 19 BA 45 FF 00
AA 55 00 FF AA 55 50 AF AA 55 0C F3 62 1D 20 CF
AB 55 00 FF AF 55 00 FF 91 7F 00 FF A3 5D 00 FF
5D F7 00 FF 45 FF 00 FF 61 DF 00 FF 29 D7 00 FF
AA 55 04 FB AA 55 21 DE AA 55 44 BB AA 55 0D F2
AB 55 C0 3F BA 55 40 BF BB 55 C0 3F 8A 75 83 7C
0A F5 00 FF AA 55 00 FF AA 55 44 BB A2 5D 60 9F
8A 75 00 FF AA 55 14 EB AA 55 64 9B AA 55 10 EF
AA 55 16 E9 AA 55 40 BF AA 55 C4 3B AA 55 06 F9
FF FF FF FF FF FF FF FF FF FF FF FF FF FF FF FF
FF FF FF FF FF FF FF FF FF FF FF FF FF FF FF FF
!{"command":"DATA","compressed":0,"more":1}
FF FF FF FF FF FF FF FF FF FF FF FF FF FF FF FF
FF FF FF FF FF FF FF FF FF FF FF FF FF FF FF FF
7E 01 FF 00 5F 00 FF 00 77 00 FF 00 5F 00 FF 00
F7 00 FF 00 FF 00 FF 00 FF 00 FF 00 DD 00 FF 00
EE 11 FE 01 FA 05 FF 00 2E 51 FF 00 CF 10 FF 00
1A 05 0F 00 01 00 80 00 00 00 80 00 C0 00 80 00
AE 51 D7 28 EA 15 E6 19 2A 15 10 0F 12 0D 01 0E
AA 55 7E 81 AA 55 F7 08 AA 55 FC 03 AA 55 FF 00
BA 55 87 78 A2 5D 83 7C 8A 75 43 BC A2 5D C3 3C
6A 15 FF 00 FA 05 FF 00 AA 55 FF 00 BA 45 FF 00
5D 33 F0 0F A8 57 F8 07 A8 57 FC 03 AA 55 FC 03
DF 75 00 FF 26 DD 00 FF 89 77 00 FF 08 F7 00 FF
99 77 00 FF E1 5F 00 FF 98 77 00 FF A8 57 00 FF
AA 55 4C B3 AA 55 10 EF AA 55 40 BF B2 5D 00 FF
BA 55 06 F9 3A D5 07 F8 9A 75 0D F2 AA 55 07 F8
AA 55 C8 37 AA 55 41 BE BA 55 44 BB AA 55 C0 3F
AA 55 40 BF AA 55 54 AB AA 55 40 BF AA 55 15 EA
AA 55 44 BB AA 55 11 EE AA 55 10 EF AA 55 47 B8
FF FF FF FF FF FF FF FF FF FF FF FF FF FF FF FF
FF FF FF FF FF FF FF FF FF FF FF FF FF FF FF FF
FF FF FF FF FF FF FF FF FF FF FF FF FF FF FF FF
FF FF FF FF FF FF FF FF FF FF FF FF FF FF FF FF
76 01 FF 00 5D 00 FF 00 77 00 FF 00 5D 00 FF 00
77 00 FF 00 DD 00 FF 00 FF 00 FF 00 DF 00 FF 00
6F 10 FF 00 FF 00 FF 00 FF 00 FF 00 EB 14 FF 00
C0 00 80 40 80 40 80 40 00 40 E0 00 E0 10 FC 00
12 0D 05 0A 02 0D 08 07 0A 05 0D 02 02 05 04 03
F2 05 FE 01 A9 54 FF 00 AA 55 EF 10 AA 55 7F 80
AA 55 43 BC A2 5D E3 1C 8A 55 E0 1F AE 55 E0 1F
EA 15 FF 00 BE 41 FF 00 E2 15 FF 00 A2 55 E7 18
AB 55 FC 03 AB 55 FC 03 A9 57 FC 03 EA 15 FC 03
E9 57 00 FF 82 7D 00 FF 99 77 00 FF AA 55 00 FF
B9 57 00 FF AA 55 08 FF 9C 77 00 FF A2 5D 00 FF
AB 55 0C F3 AA 55 10 EF AA 55 D0 2F AA 55 21 DE
AA 55 06 F9 EA 55 04 FB AA 55 00 FF AA 55 03 FC
AA 55 04 FB AA 55 42 BD AA 55 C0 3F AA 55 95 6A
AA 55 0D F2 AA 55 15 EA AA 55 16 E9 AA 55 56 A9
AA 55 5E A1 AA 55 36 C9 AA 55 DF 20 AA 55 F7 08
FF FF FF FF FF FF FF FF FF FF FF FF FF FF FF FF
FF FF FF FF FF FF FF FF FF FF FF FF FF FF FF FF
!{"command":"INQY","status":{"lowbatt":0,"jam":0,"err":0,"pkterr":0,"unproc":1,"full":0,"bsy":0,"chk_err":0}}
!{"command":"DATA","compressed":0,"more":1}
FF FF FF FF FF FF FF FF FF FF FF FF FF FF FF FF
FF FF FF FF FF FF FF FF FF FF FF FF FF FF FF FF
77 00 FF 00 5D 00 FF 00 77 00 FF 00 5D 00 FF 00
FE 01 FF 00 DF 00 FF 00 72 05 FF 00 DF 00 FF 00
FE 01 FF 00 DF 00 FF 00 E6 11 FF 00 BF 40 FF 00
77 00 FF 00 E5 10 FF 00 A5 50 FB 00 A5 50 FE 00
02 05 C4 03 76 01 FC 03 56 01 BC 03 56 01 BF 00
AA 55 FF 00 AA 55 FF 00 EA 15 FF 00 AA 55 7F 80
A8 57 D1 2E AA 55 F4 0B AA 55 F0 0F AA 55 F0 0F
9A 45 C8 33 B9 44 FC 03 AA 55 FE 01 AA 55 FF 00
2B 55 7C 83 AA 55 E4 1B BA 45 C8 33 A8 55 FC 03
BC 57 00 FF AE 55 00 FF AA 55 00 FF AA 55 00 FF
B8 57 00 FF EE 55 00 FF 8A 75 08 F7 B6 5D 01 FE
AA 55 C8 37 AA 55 00 FF AA 55 40 BF AE 55 00 FF
AA 55 0C F3 2A D5 17 E8 AA 55 97 68 EA 55 2F D0
AA 55 84 7B AA 55 9A 65 AA 55 84 7B AA 55 B6 49
AA 55 56 A9 AA 55 55 AA AA 55 45 BA AA 55 16 E9
AA 55 CF 30 AA 55 F5 0A AA 55 CC 33 AA 55 6F 90
FF FF FF FF FF FF FF FF FF FF FF FF FF FF FF FF
FF FF FF FF FF FF FF FF FF FF FF FF FF FF FF FF
FF FF FF FF FF FF FF FF FF FF FF FF FF FF FF FF
FF FF FF FF FF FF FF FF FF FF FF FF FF FF FF FF
77 00 FF 00 5D 00 FF 00 77 00 FF 00 55 00 FF 00
36 41 FF 00 DD 00 FF 00 77 00 FF 00 55 00 FF 00
6E 11 FF 00 EF 10 FF 00 77 00 FF 00 FD 00 FF 00
7D 00 FB 00 BD 40 FE 00 61 14 FF 00 FF 00 FF 00
56 01 BA 01 54 01 EB 00 54 01 BB 00 D5 00 FF 00
FA 05 FC 03 D9 04 7F 80 E6 11 FF 00 9D 40 7F 80
2A 55 F8 07 AA 55 F0 0F EA 15 FC 03 CA 15 FE 01
AA 55 FF 00 AA 55 FF 00 2E 51 FF 00 8E 51 FF 00
AE 51 FE 01 AA 55 FE 01 AE 51 FE 01 EE 11 FF 00
AB 55 00 FF A2 5D 08 F7 AA 55 04 FB AA 55 17 E8
AE 55 40 BF AA 55 00 FF AA 55 41 BE AA 55 00 FF
AA 55 04 FB AA 55 11 EE AA 55 4A B5 AA 55 28 D7
AA 55 3C C3 AA 55 21 DE AA 55 DD 22 AA 55 55 AA
AA 55 B4 4B AA 55 57 A8 AA 55 D6 29 AA 55 7E 81
AA 55 FE 01 AA 55 BF 40 AA 55 DF 20 AA 55 FF 00
AA 55 D7 28 AA 55 FF 00 AA 55 FE 01 AA 55 FF 00
FF FF FF FF FF FF FF FF FF FF FF FF FF FF FF FF
FF FF FF FF FF FF FF FF FF FF FF FF FF FF FF FF
!{"command":"DATA","compressed":0,"more":1}
FF FF FF FF FF FF FF FF FF FF FF FF FF FF FF FF
FF FF FF FF FF FF FF FF FF FF FF FF FF FF FF FF
77 00 FF 00 55 00 FF 00 77 00 FF 00 55 00 FF 00
77 00 FF 00 DD 00 FF 00 77 00 FF 00 55 00 FF 00
77 00 FF 00 DD 00 FF 00 77 00 FF 00 55 00 FF 00
77 00 FF 00 5D 00 FF 00 77 00 FF 00 55 00 FF 00
75 00 FF 00 DF 00 FF 00 76 01 FF 00 DD 00 FF 00
B7 40 FF 00 9D 40 FF 00 77 00 FF 00 5D 00 FF 00
72 05 FD 02 52 05 FF 00 56 01 FF 00 56 01 FF 00
A6 51 FF 00 B2 45 FA 01 71 04 FF 00 DD 00 FF 00
7E 01 FE 01 DC 01 FF 00 B6 41 AF 10 9A 45 F7 00
AA 55 CE 31 AA 55 75 8A AA 55 FF 00 AA 55 FF 00
AA 55 FD 02 AA 55 F3 0C AA 55 FF 00 AA 55 F7 08
AA 55 EF 10 AA 55 F7 08 AE 51 FF 00 AA 55 B7 48
AA 55 FF 00 AA 55 FF 00 2A 55 DF 20 AA 55 FF 00
AA 55 FF 00 AA 55 FF 00 AE 51 FF 00 AA 55 FF 00
AA 55 FF 00 BA 45 FF 00 2E 51 FF 00 AB 54 FF 00
BE 41 FF 00 FD 00 FF 00 E6 11 FF 00 FD 00 FF 00
FF FF FF FF FF FF FF FF FF FF FF FF FF FF FF FF
FF FF FF FF FF FF FF FF FF FF FF FF FF FF FF FF
FF FF FF FF FF FF FF FF FF FF FF FF FF FF FF FF
FF FF FF FF FF FF FF FF FF FF FF FF FF FF FF FF
55 00 FF 00 55 00 FF 00 55 00 BF 00 55 00 FF 00
55 00 FF 00 55 00 FF 00 75 00 FF 00 55 00 FF 00
55 00 FF 00 55 00 FF 00 55 00 FF 00 55 00 FF 00
57 00 FF 00 55 00 FF 00 55 00 FF 00 55 00 FF 00
77 00 FF 00 55 00 FF 00 57 00 BF 00 55 00 FF 00
77 00 FF 00 55 00 FF 00 75 00 FF 00 55 00 FF 00
56 01 FF 00 D4 01 FF 00 74 01 FF 00 55 00 FF 00
F7 00 FF 00 DD 00 FF 00 F5 00 FF 00 9D 40 FF 00
6C 11 FF 00 DE 01 FF 00 76 01 FF 00 D5 00 FF 00
AA 55 FF 00 AA 55 FF 00 AA 55 FF 00 BB 44 FF 00
EA 15 FF 00 AA 55 FF 00 EA 15 FF 00 F9 04 FF 00
AA 55 FF 00 AA 55 FF 00 B6 41 FF 00 BF 40 FF 00
A6 51 FF 00 AA 55 FF 00 FE 01 FF 00 DD 00 FF 00
E6 11 FF 00 F9 04 FF 00 77 00 FF 00 9D 40 FF 00
FF 00 FF 00 DD 00 FF 00 77 00 FF 00 FD 00 FF 00
77 00 FF 00 FD 00 FF 00 77 00 FF 00 55 00 FF 00
FF FF FF FF FF FF FF FF FF FF FF FF FF FF FF FF
FF FF FF FF FF FF FF FF FF FF FF FF FF FF FF FF
!{"command":"INQY","status":{"lowbatt":0,"jam":0,"err":0,"pkterr":0,"unproc":1,"full":0,"bsy":0,"chk_err":0}}
!{"command":"DATA","compressed":0,"more":1}
FF FF FF FF FF FF FF FF FF FF FF FF FF FF FF FF
FF FF FF FF FF FF FF FF FF FF FF FF FF FF FF FF
55 00 BB 00 55 00 EE 00 55 00 2B 00 55 00 8A 00
55 00 BB 00 55 00 EF 00 55 00 BB 00 55 00 EA 00
55 00 BB 00 55 00 EE 00 55 00 BB 00 55 00 AA 00
57 00 FB 00 55 00 FF 00 55 00 BB 00 55 00 EE 00
57 00 FF 00 55 00 FF 00 55 00 BF 00 55 00 BF 00
55 00 FF 00 55 00 FF 00 55 00 FF 00 55 00 FF 00
57 00 FF 00 55 00 FF 00 55 00 BF 00 55 00 FF 00
75 00 FF 00 55 00 FF 00 75 00 BF 00 55 00 FF 00
76 01 FF 00 55 00 FF 00 77 00 FF 00 55 00 FF 00
33 44 FF 00 5F 00 FF 00 75 00 FF 00 55 00 FF 00
77 00 FF 00 D5 00 FF 00 57 00 FF 00 55 00 FF 00
F7 00 FF 00 D5 00 FF 00 55 00 FF 00 55 00 EF 00
77 00 FF 00 55 00 FF 00 75 00 FF 00 55 00 FF 00
77 00 FF 00 55 00 FF 00 55 00 FF 00 55 00 FE 00
75 00 FF 00 55 00 EF 00 55 00 BF 00 55 00 AA 00
77 00 FF 00 55 00 FE 00 55 00 FB 00 55 00 EE 00
FF FF FF FF FF FF FF FF FF FF FF FF FF FF FF FF
FF FF FF FF FF FF FF FF FF FF FF FF FF FF FF FF
FF FF FF FF FF FF FF FF FF FF FF FF FF FF FF FF
FF FF FF FF FF FF FF FF FF FF FF FF FF FF FF FF
55 00 22 00 55 00 2A 00 55 00 2A 00 55 00 0A 00
55 00 33 00 55 00 8A 00 55 00 22 00 55 00 08 00
55 00 AA 00 55 00 88 00 55 00 2A 00 55 00 88 00
55 00 BB 00 55 00 AA 00 55 00 22 00 55 00 0A 00
55 00 AB 00 55 00 AA 00 55 00 BB 00 55 00 8A 00
55 00 BB 00 55 00 EF 00 55 00 BB 00 55 00 AA 00
55 00 BB 00 55 00 FF 00 55 00 BB 00 55 00 EE 00
55 00 FB 00 55 00 FA 00 55 00 AB 00 55 00 AA 00
55 00 FB 00 55 00 EA 00 55 00 BB 00 55 00 EF 00
55 00 FB 00 55 00 EE 00 55 00 BB 00 55 00 AF 00
55 00 BB 00 55 00 EE 00 55 00 EB 00 55 00 EF 00
55 00 BB 00 55 00 AF 00 55 00 2B 00 55 00 EA 00
55 00 BB 00 55 00 BE 00 55 00 3B 00 55 00 EE 00
55 00 BB 00 55 00 EE 00 55 00 BB 00 55 00 AA 00
55 00 BB 00 55 00 EA 00 55 00 BB 00 55 00 EE 00
55 00 BB 00 55 00 EA 00 55 00 B2 00 55 00 AE 00
FF FF FF FF FF FF FF FF FF FF FF FF FF FF FF FF
FF FF FF FF FF FF FF FF FF FF FF FF FF FF FF FF
!{"command":"DATA","compressed":0,"more":1}
FF FF FF FF FF FF FF FF FF FF FF FF FF FF FF FF
FF FF FF FF FF FF FF FF FF FF FF FF FF FF FF FF
FF FF FF FF FF FF FF FF FF FF FF FF FF FF FF FF
FF FF FF FF FF FF FF FF FF FF FF FF FF FF FF FF
FF FF FF FF FF FF FF FF FF FF FF FF FF FF FF FF
FF FF FF FF FF FF FF FF FF FF FF FF FF FF FF FF
FF FF FF FF FF FF FE FF FC FE FC F8 F9 F1 E3 F3
FF FF FF FF FF FF 77 8F 0E 07 87 7E FC FE FE FC
FF FF FF FF FF FF BF 7E 3C 3E 1E 3C 18 3C 18 3C
FF FF FF FF FF FF 77 FB F1 73 61 73 21 63 20 43
FF FF FF FF FF FF 7B 87 81 03 83 3F 3F 3F 37 0F
FF FF FF FF FF FF BB C7 C3 83 D9 83 C1 9B 82 83
FF FF FF FF FF FF DE E3 C3 80 25 98 19 3C 78 3C
FF FF FF FF FF FF BB 7D 71 39 03 33 23 87 CF 87
FF FF AF D5 FB D5 FB D5 FF FF FF FF FF FF FF FF
FF FF FF FF FF FF FF FF FF FF FF FF FF FF FF FF
FF FF FF FF FF FF FF FF FF FF FF FF FF FF FF FF
FF FF FF FF FF FF FF FF FF FF FF FF FF FF FF FF
FF FF FF FF FF FF FF FF FF FF FF FF FF FF FF FF
FF FF FF FF FF FF FF FF FF FF FF FF FF FF FF FF
FF FF FF FF FF FF FF FF FF FF FF FF FF FF FF FF
FF FF FF FF FF FF FF FF FF FF FF FF FF FF FF FF
FF FF FF FF FF FF FF FF FF FF FF FF FF FF FF FF
FF FF FF FF FF FF FF FF FF FF FF FF FF FF FF FF
FF FF FF FF FF FF FF FF FF FF FF FF FF FF FF FF
FF FF FF FF FF FF FF FF FF FF FF FF FF FF FF FF
E3 F3 F7 E3 E3 F3 F0 F3 F0 F8 FA FC FF FF FF FF
F9 FC 9C 08 88 18 5B 91 03 13 07 33 FF FF FF FF
3D 98 3A 19 93 19 D1 93 C3 93 A7 D3 FF FF FF FF
48 03 18 0B 80 1B B3 18 33 B8 B1 FA FF FF FF FF
0F 07 37 0F 3F 7F 03 7F 01 03 07 03 FF FF FF FF
83 82 38 91 3C 99 A8 11 01 03 8B 07 FF FF FF FF
79 3C 7D 38 78 39 4B 31 81 03 CB 87 FF FF FF FF
8F CF 8F DF CF 9F CF 9F CF 9F FF 9F FF FF FF FF
FF FF FF FF FF FF FF FF FF FF FF FF FF FF FF FF
FF FF FF FF FF FF FF FF FF FF FF FF FF FF FF FF
FF FF FF FF FF FF FF FF FF FF FF FF FF FF FF FF
FF FF FF FF FF FF FF FF FF FF FF FF FF FF FF FF
FF FF FF FF FF FF FF FF FF FF FF FF FF FF FF FF
FF FF FF FF FF FF FF FF FF FF FF FF FF FF FF FF
!{"command":"DATA","compressed":0,"more":0}
!{"command":"PRNT","sheets":1,"margin_upper":0,"margin_lower":3,"pallet":228,"density":64 }
!{"command":"INQY","status":{"lowbatt":0,"jam":0,"err":0,"pkterr":0,"unproc":0,"full":1,"bsy":1,"chk_err":0}}
!{"command":"INQY","status":{"lowbatt":0,"jam":0,"err":0,"pkterr":0,"unproc":0,"full":1,"bsy":1,"chk_err":0}}
!{"command":"INQY","status":{"lowbatt":0,"jam":0,"err":0,"pkterr":0,"unproc":0,"full":1,"bsy":1,"chk_err":0}}
!{"command":"INQY","status":{"lowbatt":0,"jam":0,"err":0,"pkterr":0,"unproc":0,"full":1,"bsy":1,"chk_err":0}}
!{"command":"INQY","status":{"lowbatt":0,"jam":0,"err":0,"pkterr":0,"unproc":0,"full":1,"bsy":1,"chk_err":0}}
!{"command":"INQY","status":{"lowbatt":0,"jam":0,"err":0,"pkterr":0,"unproc":0,"full":1,"bsy":1,"chk_err":0}}
!{"command":"INQY","status":{"lowbatt":0,"jam":0,"err":0,"pkterr":0,"unproc":0,"full":1,"bsy":1,"chk_err":0}}
!{"command":"INQY","status":{"lowbatt":0,"jam":0,"err":0,"pkterr":0,"unproc":0,"full":1,"bsy":1,"chk_err":0}}
!{"command":"INQY","status":{"lowbatt":0,"jam":0,"err":0,"pkterr":0,"unproc":0,"full":1,"bsy":1,"chk_err":0}}
!{"command":"INQY","status":{"lowbatt":0,"jam":0,"err":0,"pkterr":0,"unproc":0,"full":1,"bsy":1,"chk_err":0}}
!{"command":"INQY","status":{"lowbatt":0,"jam":0,"err":0,"pkterr":0,"unproc":0,"full":1,"bsy":1,"chk_err":0}}
!{"command":"INQY","status":{"lowbatt":0,"jam":0,"err":0,"pkterr":0,"unproc":0,"full":1,"bsy":1,"chk_err":0}}
!{"command":"INQY","status":{"lowbatt":0,"jam":0,"err":0,"pkterr":0,"unproc":0,"full":1,"bsy":1,"chk_err":0}}
!{"command":"INQY","status":{"lowbatt":0,"jam":0,"err":0,"pkterr":0,"unproc":0,"full":1,"bsy":1,"chk_err":0}}
!{"command":"INQY","status":{"lowbatt":0,"jam":0,"err":0,"pkterr":0,"unproc":0,"full":1,"bsy":1,"chk_err":0}}
!{"command":"INQY","status":{"lowbatt":0,"jam":0,"err":0,"pkterr":0,"unproc":0,"full":1,"bsy":1,"chk_err":0}}
!{"command":"INQY","status":{"lowbatt":0,"jam":0,"err":0,"pkterr":0,"unproc":0,"full":1,"bsy":1,"chk_err":0}}
!{"command":"INQY","status":{"lowbatt":0,"jam":0,"err":0,"pkterr":0,"unproc":0,"full":1,"bsy":1,"chk_err":0}}
!{"command":"INQY","status":{"lowbatt":0,"jam":0,"err":0,"pkterr":0,"unproc":0,"full":1,"bsy":1,"chk_err":0}}
!{"command":"INQY","status":{"lowbatt":0,"jam":0,"err":0,"pkterr":0,"unproc":0,"full":1,"bsy":1,"chk_err":0}}
# Finished Pretending To Print for fun!
!{"command":"INQY","status":{"lowbatt":0,"jam":0,"err":0,"pkterr":0,"unproc":0,"full":1,"bsy":0,"chk_err":0}}
