# GAMEBOY PRINTER EMULATION PROJECT
# By Brian Khuu (2017)
!{"command":"INIT"}
!{"command":"DATA","compressed":0,"more":1}
FF FF FF FF FF FF FF FF FF FF FF FF FF FF FF FF
FF FF FF FF FF FF FF FF FF FF FF FF FF FF FF FF
FF FF FF FF FF FF FF FF FF FF FF FF FF FF FF FF
FF FF FF FF FF FF FF FF FF FF FF FF FF FF FF FF
FF FF FF FF FF FF FF FF FF FF FF FF FF FF FF FF
FF FF FF FF FE FF FE FE FE FE FE FE FE FE FE FE
FF FF FF FF 1C FF 3E 1C 0C 1C 04 0C 0C 04 24 04
FF FF FF FF 63 FF 07 63 43 23 63 3F 02 62 02 62
FF FF FF FF FF FF FF FF FF FF F7 FE 03 01 11 00
FF FF FF FF FF FF 8F FF 47 8F 05 03 00 8E C8 8C
FF FF FF FF FF FF FF FF FF FF 7F 9F 0E 04 E0 46
FF FF FF FF FF FF FF FF FF FF E7 FF 41 03 21 01
FF FF FF FF F8 FF F0 F8 F0 F8 E0 F8 C0 80 18 00
FF FF FF FF FF FF 7F FF 7E FF 6D F3 61 C0 44 8C
FF FF FF FF BF FF BF 1F 5F 0F 0F 1F 9F FF 3F 7F
FF FF FF FF FF FF FF FF FF FF FF FF FF FF FF FF
FF FF FF FF FF FF FF FF FF FF FF FF FF FF FF FF
FF FF FF FF FF FF FF FF FF FF FF FF FF FF FF FF
FF FF FF FF FF FF FF FF FF FF FF FF FF FF FF FF
FF FF FF FF FF FF FF FF FF FF FF FF FF FF FF FF
FF FF FF FF FF FF FF FF FF FF FF FF FF FF FF FF
FF FF FF FF FF FF FF FF FF FF FF FF FF FF FF FF
FF FF FF FF FF FF FF FF FF FF FF FF FF FF FF FF
FF FF FF FF FF FF FF FF FF FF FF FF FF FF FF FF
FF FF FF FF FF FF FF FF FF FF FF FF FF FF FF FF
FE FE FE FE FE FE FE FE FE FE FF FF FF FF FF FF
24 10 30 10 30 18 3C 18 18 3C FF FF FF FF FF FF
02 62 02 62 02 62 42 22 02 62 FF FF FF FF FF FF
19 30 19 30 19 30 19 30 11 38 FF FF FF FF FF FF
4C 88 4C 88 4C 88 48 8C CC 8E FF FF FF FF FF FF
06 00 FA 04 7A E4 A2 44 06 0C FF FF FF FF FF FF
20 31 21 30 20 31 21 31 61 31 FF FF FF FF FF FF
00 18 00 18 00 18 98 00 C0 80 FF FF FF FF FF FF
04 8C 84 0C 04 8C 48 84 61 C0 FF FF FF FF FF FF
7F 3F 7F 3F 7F 3F 3F 7F 7F FF FF FF FF FF FF FF
FF FF FF FF FF FF FF FF FF FF FF FF FF FF FF FF
FF FF FF FF FF FF FF FF FF FF FF FF FF FF FF FF
FF FF FF FF FF FF FF FF FF FF FF FF FF FF FF FF
FF FF FF FF FF FF FF FF FF FF FF FF FF FF FF FF
FF FF FF FF FF FF FF FF FF FF FF FF FF FF FF FF
!{"command":"INQY","status":{"lowbatt":0,"jam":0,"err":0,"pkterr":0,"unproc":1,"full":0,"bsy":0,"chk_err":0}}
!{"command":"DATA","compressed":0,"more":1}
FF FF FF FF FF FF FF FF FF FF FF FF FF FF FF FF
FF FF FF FF FF FF FF FF FF FF FF FF FF FF FF FF
7F 00 FF 00 5F 00 FF 00 76 01 FF 00 57 00 FF 00
EF 10 FF 00 FD 00 FF 00 EE 11 FF 00 DF 00 FF 00
7F 00 FF 00 DD 00 FF 00 FF 00 FF 00 FF 00 FF 00
77 00 FF 00 DD 00 FF 00 67 10 FF 00 FB 04 FF 00
77 00 FF 00 55 00 FF 00 77 00 FF 00 BF 40 FF 00
76 01 FF 00 55 00 FF 00 75 00 FF 00 BD 40 FF 00
77 00 FF 00 55 00 FF 00 75 00 FF 00 DD 00 FF 00
75 00 FF 00 55 00 FF 00 55 00 FF 00 55 00 FF 00
55 00 FF 00 55 00 FF 00 55 00 BF 00 D5 00 FF 00
56 01 FF 00 57 00 FF 00 57 00 FF 00 DD 00 FF 00
6A 15 FF 00 AA 55 FF 00 7E 01 FF 00 FD 00 FF 00
AA 55 FD 02 AA 55 FF 00 EA 15 FF 00 DD 00 FF 00
81 7F D4 2B AA 55 FD 02 AE 51 FF 00 BF 40 FF 00
57 FF 42 BF AA 55 91 6E EA 15 FD 02 BE 41 FF 00
DF FF 3F FF A1 5F 50 AF AA 55 DD 22 AA 55 FF 00
F5 FF FF FF 55 FF 00 FF 88 77 44 BB AA 55 F5 0A
FF FF FF FF FF FF FF FF FF FF FF FF FF FF FF FF
FF FF FF FF FF FF FF FF FF FF FF FF FF FF FF FF
FF FF FF FF FF FF FF FF FF FF FF FF FF FF FF FF
FF FF FF FF FF FF FF FF FF FF FF FF FF FF FF FF
77 00 FF 00 55 00 FF 00 57 00 FF 00 55 00 FF 00
77 00 FF 00 DD 00 FF 00 67 10 FF 00 5D 00 FF 00
7E 01 FF 00 FF 00 FF 00 77 00 FF 00 5F 00 FF 00
FF 00 FF 00 89 54 FF 00 7E 01 FF 00 FC 01 FF 00
76 01 FF 00 F3 04 FF 00 77 00 FF 00 5D 00 FF 00
7B 04 FF 00 FD 00 FF 00 77 00 FF 00 55 00 FF 00
7E 01 FF 00 DD 00 FF 00 77 00 FF 00 55 00 FF 00
3F 40 FF 00 DD 00 FF 00 75 00 FF 00 55 00 FF 00
E7 10 FF 00 FE 01 FF 00 5E 01 FF 00 55 00 FF 00
77 00 FF 00 EA 15 FF 00 7E 01 FF 00 5F 00 FF 00
7F 00 FF 00 AF 50 D4 2B EE 11 DF 20 FE 01 FF 00
A7 50 FF 00 FA 05 77 88 AA 55 FF 00 AA 55 FF 00
76 01 FF 00 EB 14 FF 00 AA 55 D4 2B BA 45 FF 00
FF 00 FF 00 EA 15 FF 00 AE 51 45 BA AA 55 FF 00
EE 11 DF 20 AA 55 FF 00 EA 15 5D A2 AA 55 54 AB
AA 55 D5 2A BA 45 F7 08 AA 55 DF 20 AA 55 10 EF
FF FF FF FF FF FF FF FF FF FF FF FF FF FF FF FF
FF FF FF FF FF FF FF FF FF FF FF FF FF FF FF FF
!{"command":"DATA","compressed":0,"more":1}
FF FF FF FF FF FF FF FF FF FF FF FF FF FF FF FF
FF FF FF FF FF FF FF FF FF FF FF FF FF FF FF FF
77 00 FF 00 55 00 FF 00 55 00 FF 00 55 00 FF 00
77 00 FF 00 D5 00 FF 00 77 00 FF 00 5D 00 FF 00
77 00 FF 00 5D 00 FF 00 77 00 FF 00 D5 00 FF 00
76 01 FF 00 F9 04 FF 00 77 00 FF 00 FD 00 FF 00
77 00 FF 00 7F 00 FF 00 77 00 FF 00 DD 00 FF 00
67 10 FF 00 9B 44 FF 00 63 14 FF 00 FF 00 FF 00
77 00 FF 00 DD 00 FF 00 77 00 FF 00 E9 14 F7 08
55 00 FF 00 DD 00 FF 00 77 00 FF 00 D5 00 FF 00
57 00 FF 00 55 00 FF 00 77 00 FF 00 55 00 FF 00
77 00 FF 00 55 00 FF 00 77 00 FF 00 DD 00 FF 00
3F 40 FF 00 5D 00 FF 00 77 00 FF 00 55 00 FF 00
FA 05 FF 00 FF 00 FF 00 77 00 FF 00 DF 00 FF 00
AE 51 FD 02 FE 01 FF 00 7F 00 FF 00 FF 00 FF 00
AE 51 DD 22 FA 05 FF 00 AA 55 DF 20 BE 41 FF 00
AA 55 F5 0A AA 55 F5 0A EE 11 FF 00 AA 55 FD 02
AA 55 54 AB AA 55 55 AA AA 55 FF 00 AB 54 7D 82
FF FF FF FF FF FF FF FF FF FF FF FF FF FF FF FF
FF FF FF FF FF FF FF FF FF FF FF FF FF FF FF FF
FF FF FF FF FF FF FF FF FF FF FF FF FF FF FF FF
FF FF FF FF FF FF FF FF FF FF FF FF FF FF FF FF
57 00 FF 00 5D 00 FF 00 77 00 FF 00 5D 00 FF 00
77 00 FF 00 55 00 FF 00 77 00 FF 00 DD 00 FF 00
77 00 FF 00 75 00 FF 00 77 00 FF 00 D5 00 7F 80
77 00 FF 00 DD 00 FF 00 57 00 FF 00 55 00 FF 00
77 00 FF 00 55 00 FF 00 77 00 FF 00 55 00 FF 00
6F 10 FF 00 FA 05 FF 00 77 00 FF 00 5D 00 FF 00
66 11 FF 00 BA 45 FF 00 77 00 FF 00 DD 00 FF 00
EA 15 FF 00 BF 40 FC 03 AE 51 FF 00 FF 00 FF 00
EE 11 FF 00 FD 00 FF 00 AE 51 E7 18 BA 45 CF 30
E7 10 FF 00 9F 40 FF 00 A7 50 FF 00 BA 45 FF 00
77 00 FF 00 BD 40 FF 00 76 01 FF 00 EF 10 FF 00
57 00 FF 00 5F 00 FF 00 F7 00 FF 00 FB 04 FF 00
77 00 FF 00 DF 00 FF 00 7F 00 FF 00 FB 04 FF 00
FE 01 FF 00 FF 00 FF 00 77 00 FF 00 FB 04 FF 00
EE 11 FF 00 BF 40 FF 00 7E 01 FF 00 BF 40 FF 00
AA 55 FD 02 AA 55 FD 02 AA 55 DD 22 EA 15 FF 00
FF FF FF FF FF FF FF FF FF FF FF FF FF FF FF FF
FF FF FF FF FF FF FF FF FF FF FF FF FF FF FF FF
!{"command":"INQY","status":{"lowbatt":0,"jam":0,"err":0,"pkterr":0,"unproc":1,"full":0,"bsy":0,"chk_err":0}}
!{"command":"DATA","compressed":0,"more":1}
FF FF FF FF FF FF FF FF FF FF FF FF FF FF FF FF
FF FF FF FF FF FF FF FF FF FF FF FF FF FF FF FF
55 00 FF 00 55 00 FF 00 55 00 FF 00 55 00 FF 00
56 01 FF 00 55 00 FF 00 55 00 FF 00 55 00 FF 00
A5 50 FF 00 55 00 FF 00 75 00 FB 00 55 00 FF 00
55 00 FF 00 55 00 FF 00 55 00 FF 00 55 00 FF 00
75 00 FF 00 55 00 FF 00 55 00 FF 00 D5 00 FF 00
55 00 FF 00 55 00 FF 00 77 00 FF 00 55 00 FF 00
57 00 FF 00 55 00 FF 00 57 00 BB 00 56 01 FC 00
77 00 FF 00 5D 00 FF 00 57 00 FF 00 C0 00 00 00
62 15 FF 00 FE 01 FF 00 77 00 FF 00 09 04 02 01
8A 75 C0 3F AA 55 F4 0B 7A 05 FC 03 DB 04 F8 07
AA 55 FF 00 AA 55 0F F0 AA 55 E3 1C AA 55 00 FF
AB 54 FF 00 AD 50 FF 00 AF 50 7F 80 AA 55 13 EC
76 01 FF 00 BA 45 FF 00 AE 51 F7 08 AB 54 7F 80
FF 00 FF 00 BB 44 FF 00 EA 15 FD 03 FA 05 FF 00
7F 00 FF 00 EB 14 FD 02 AE 51 3F C0 3B C4 FF 00
AE 51 FF 00 AB 54 FF 00 EA 15 FD 02 AB 54 F7 08
FF FF FF FF FF FF FF FF FF FF FF FF FF FF FF FF
FF FF FF FF FF FF FF FF FF FF FF FF FF FF FF FF
FF FF FF FF FF FF FF FF FF FF FF FF FF FF FF FF
FF FF FF FF FF FF FF FF FF FF FF FF FF FF FF FF
57 00 FF 00 55 00 FF 00 55 00 FF 00 55 00 FF 00
55 00 FF 00 55 00 FF 00 55 00 FF 00 55 00 FF 00
57 00 FF 00 55 00 FF 00 75 00 FF 00 55 00 FF 00
55 00 FF 00 55 00 FF 00 77 00 BF 00 55 00 F7 08
55 00 BF 00 55 00 FF 00 55 00 FE 01 50 04 F9 09
57 00 FD 02 50 00 E6 06 CD 1F 31 3F E5 DF 04 FF
80 40 00 00 00 00 00 00 00 00 E0 C0 70 F0 08 FC
00 00 00 00 00 00 00 00 00 00 00 00 00 00 00 00
00 00 00 00 00 00 00 00 00 00 00 00 01 01 0E 0F
70 40 34 18 05 0F 03 03 00 00 02 00 FD FF 00 FF
55 00 00 00 40 00 D0 E0 D8 74 1D 0E C3 C3 38 F0
BA 75 08 07 41 00 0F 00 00 00 00 00 C0 00 60 C0
AE 51 DD 22 EE D1 27 38 56 0D 02 03 44 01 09 00
F7 00 FF 00 AA 55 5F A0 AA 55 07 F8 AA 55 18 E7
EA 15 FF 00 EA 15 FF 00 AA 55 FF 00 AA 55 7F 80
EA 15 DF 20 AA 55 FD 02 AA 55 DF 20 AA 55 FF 00
FF FF FF FF FF FF FF FF FF FF FF FF FF FF FF FF
FF FF FF FF FF FF FF FF FF FF FF FF FF FF FF FF
!{"command":"DATA","compressed":0,"more":1}
FF FF FF FF FF FF FF FF FF FF FF FF FF FF FF FF
FF FF FF FF FF FF FF FF FF FF FF FF FF FF FF FF
75 00 FF 00 55 00 FF 00 55 00 7F 00 55 00 FF 00
77 00 FF 00 5D 00 FF 00 57 00 FF 00 55 00 FF 00
74 01 FF 01 57 01 FF 01 75 01 FF 00 5D 00 FF 00
7B FC F7 FC 57 FC 8B FF F5 3F F0 3F D4 3F DC 3F
72 13 EA 05 83 5D A9 37 C9 B7 60 DF 7F E5 1F F3
D5 7F 01 FF 54 FF 29 FF 55 FF 29 FF 55 FF B5 FF
57 FE 03 FF 55 FF 46 FE 54 FC 18 F8 70 F0 41 E1
00 00 83 81 07 07 0D 17 3D 3F 40 7F F2 DD 01 FE
1D 4F E8 CF 4E C5 47 E4 30 E4 53 A2 F3 12 F8 10
DA 75 07 F8 BC 41 F4 08 70 00 A2 00 40 00 00 00
B3 44 BA 03 C3 03 09 00 40 00 00 00 05 00 00 00
31 00 00 00 40 00 80 00 10 00 22 10 45 10 A9 11
10 01 01 00 45 00 0E 00 1D 3C E7 7E DF FE EF FE
AA 55 FD 02 7A 05 7F 00 66 11 FF 00 7F 00 FF 00
AA 55 40 BF AA 55 54 AB AA 55 DC 23 AA 55 FF 00
AA 55 C7 38 AA 55 41 BE AA 55 50 AF AA 55 F7 08
FF FF FF FF FF FF FF FF FF FF FF FF FF FF FF FF
FF FF FF FF FF FF FF FF FF FF FF FF FF FF FF FF
FF FF FF FF FF FF FF FF FF FF FF FF FF FF FF FF
FF FF FF FF FF FF FF FF FF FF FF FF FF FF FF FF
55 00 7F 00 55 00 FF 00 55 00 FF 00 5D 00 FF 00
57 00 FF 00 55 00 FF 00 57 00 FF 00 55 00 FF 00
75 00 FF 00 55 00 FF 00 77 00 FF 00 5D 00 FF 00
49 37 C0 2F 52 05 F8 03 60 15 EF 10 1F 40 FF 00
55 FD 03 FE F5 5F 67 FF F5 7F BD 7F B5 7F 9C 6F
15 FF 65 FF 57 FF DC FE 7D E4 E2 E0 51 80 40 80
D3 C3 82 03 45 01 00 00 14 00 A0 00 05 00 A0 00
9B 75 0F FF 7C F0 80 80 01 00 02 00 00 00 00 00
40 30 00 00 01 00 00 00 55 00 2A 00 01 00 00 00
01 00 00 00 55 00 28 00 55 00 02 00 55 00 8A 00
15 00 22 00 55 00 8A 00 55 00 AB 00 54 00 B0 00
47 11 A3 13 47 13 BF 03 67 13 17 23 63 17 0B 07
5B F6 B3 FE 55 FE FC FE 54 FF F0 FF 42 FD C0 FF
7E 01 9F 20 3E 41 FF 00 BE 41 DF 20 AA 55 F7 08
FE 01 FF 00 BF 40 FF 00 EE 11 FF 00 BF 40 FF 00
AA 55 DD 22 AA 55 F7 08 EA 15 FF 00 BA 45 FF 00
FF FF FF FF FF FF FF FF FF FF FF FF FF FF FF FF
FF FF FF FF FF FF FF FF FF FF FF FF FF FF FF FF
!{"command":"INQY","status":{"lowbatt":0,"jam":0,"err":0,"pkterr":0,"unproc":1,"full":0,"bsy":0,"chk_err":0}}
!{"command":"DATA","compressed":0,"more":1}
FF FF FF FF FF FF FF FF FF FF FF FF FF FF FF FF
FF FF FF FF FF FF FF FF FF FF FF FF FF FF FF FF
57 00 FF 00 5D 00 FF 00 7F 00 FF 00 7A 05 FF 00
77 00 FF 00 DD 00 FF 00 76 01 FF 00 AA 55 FF 00
77 00 FF 00 D5 00 FF 00 67 10 FF 00 B9 44 FF 00
7E 01 FF 00 D7 10 EF 18 2D 5C FD 06 AB 57 F5 0B
83 74 F3 0C AE 55 ED 16 32 5D EB 1C DA 05 FF 80
44 01 38 00 C0 00 C0 00 D5 10 F3 08 9D 40 3E C0
00 00 00 00 00 00 2E 00 54 01 BB 03 55 07 ED 0F
00 00 02 00 41 00 7E 3C D6 FF 83 FF 55 FF 7D DF
55 00 02 00 55 00 00 00 55 00 A0 00 54 00 88 00
55 00 AA 00 54 00 80 00 51 00 02 00 17 03 AE 1F
51 00 00 00 05 00 0B 07 7D 1F F1 FE 6A D5 0F F0
15 07 90 3F CA F5 80 FF AA 55 FF 00 EA 15 FF 00
AA 55 47 B8 AA 55 37 C8 AE 51 FF 00 AA 55 FF 00
AE 51 FF 00 AA 55 FF 00 AA 55 FD 02 AE 51 FF 00
EE 11 DF 20 AB 54 F7 08 AA 55 DF 20 AA 55 FF 00
EA 15 FF 00 AE 51 FF 00 AA 55 FD 02 AA 55 FF 00
FF FF FF FF FF FF FF FF FF FF FF FF FF FF FF FF
FF FF FF FF FF FF FF FF FF FF FF FF FF FF FF FF
FF FF FF FF FF FF FF FF FF FF FF FF FF FF FF FF
FF FF FF FF FF FF FF FF FF FF FF FF FF FF FF FF
6E 11 FC 03 6A 15 FC 03 76 01 FF 00 5D 00 FF 00
2E 51 FF 00 AA 55 FF 00 AE 51 C7 38 EA 15 FC 03
AA 55 FD 02 AA 55 FF 00 AA 55 9C 63 EA 15 7D 82
AB 55 C0 3F AB 55 50 AF B9 57 00 FF AA 55 80 7F
ED D0 7F F0 DA 7D 1F FC F6 5F 07 FF 95 7F 01 FF
55 00 FF 00 B5 40 7F 80 A5 50 FF 00 AD 50 BF C0
5D 0F FF 1F 57 1F DF 3F 57 3F D7 3F D5 3F DF 3F
55 FF 7F FF D5 FF FF FF 55 FF 35 FF 55 FF F8 FF
D1 00 83 03 DD 0F F0 3F 5A F5 07 F8 2D D0 1F E0
FE 75 87 F8 28 D5 7F 80 F7 00 FF 00 55 00 FF 00
A2 55 FF 00 D5 00 FF 00 76 01 FF 00 5F 00 FF 00
F7 00 FF 00 EA 15 FF 00 36 41 FF 00 DF 00 FF 00
EE 11 FF 00 AB 54 FF 00 EE 11 FF 00 DC 01 FF 00
EA 15 FF 00 AA 55 FF 00 AE 51 FF 00 EB 14 FF 00
AF 50 FF 00 AB 54 FF 00 AA 55 DF 20 AA 55 FF 00
AA 55 D5 2A AA 55 FF 00 AA 55 F4 0B AA 55 F7 08
FF FF FF FF FF FF FF FF FF FF FF FF FF FF FF FF
FF FF FF FF FF FF FF FF FF FF FF FF FF FF FF FF
!{"command":"DATA","compressed":0,"more":1}
FF FF FF FF FF FF FF FF FF FF FF FF FF FF FF FF
FF FF FF FF FF FF FF FF FF FF FF FF FF FF FF FF
77 00 FF 00 55 00 FF 00 76 01 FF 00 57 00 FF 00
76 01 FF 00 DD 00 FF 00 67 10 FF 00 BF 40 FF 00
A2 55 87 78 EA 15 F0 0F 76 01 FF 00 F8 05 FF 00
AB 55 C8 37 AA 55 F4 0B AA 55 C7 38 AA 55 F9 06
D5 7F 01 FF 61 DF 04 FF 99 77 C0 3F AB 55 3D C2
7B F4 BF FF 55 FF 14 FF 5D F7 00 FF AA 55 08 F7
15 7F FF FF 55 FF 48 FF 3A D5 00 FF AE 55 B2 4D
5B F5 C1 FE 2E D5 02 FD AA 55 94 6B AB 54 53 AC
B7 40 FF 00 BD 40 FF 00 E7 10 DF 20 AA 55 FF 00
77 00 FF 00 D5 00 FF 00 77 00 FF 00 BD 40 FF 00
7F 00 FF 00 5F 00 FF 00 77 00 FF 00 FD 00 FF 00
7F 00 FF 00 FD 00 FF 00 76 01 FF 00 DD 00 FF 00
66 11 FF 00 7F 00 FF 00 76 01 FF 00 FB 04 FF 00
E7 10 FF 00 AB 54 FF 00 AE 51 FF 00 FF 00 FF 00
AE 51 FD 02 FE 01 FF 00 AE 51 FF 00 AA 55 FF 00
AE 51 FF 00 AA 55 F7 08 EA 15 FD 02 AA 55 F7 08
FF FF FF FF FF FF FF FF FF FF FF FF FF FF FF FF
FF FF FF FF FF FF FF FF FF FF FF FF FF FF FF FF
FF FF FF FF FF FF FF FF FF FF FF FF FF FF FF FF
FF FF FF FF FF FF FF FF FF FF FF FF FF FF FF FF
77 00 FF 00 1F 40 FF 00 7F 00 FF 00 9F 40 FF 00
77 00 FF 00 7D 00 FF 00 77 00 FF 00 DD 00 FF 00
76 01 FF 00 BF 40 FF 00 66 11 FF 00 5D 00 FF 00
23 55 FF 00 DE 01 FF 00 AA 55 FF 00 7F 00 FF 00
AA 55 85 7A BA 55 F5 0E 29 57 FB 04 A8 55 FF 00
A2 5D DC 23 EE 11 7B 84 A6 51 07 F8 BA 55 F4 0F
AA 55 EA 15 AA 55 E7 18 22 55 FF 00 CB 14 3D C2
AA 55 FD 02 AA 55 B5 4A EA 15 AE 51 A2 5D FC 03
A6 51 FF 00 AA 55 FF 00 EE 11 FF 00 AE 51 FF 00
AE 51 FF 00 AA 55 FF 00 AA 55 FF 00 A9 54 FF 00
77 00 FF 00 B9 44 DF 20 2A 55 FD 02 FA 05 FF 00
F7 00 FF 00 ED 10 FF 00 B7 40 FF 00 AA 55 FF 00
E7 10 FF 00 B9 44 FF 00 FE 01 FF 00 9E 41 FF 00
EF 10 FF 00 FF 00 F7 08 6F 10 FF 00 BE 41 FF 00
FA 05 FF 00 AE 51 FF 00 F6 01 FF 00 AA 55 FF 00
AA 55 FF 00 AA 55 FF 00 EA 15 FF 00 AA 55 FF 00
FF FF FF FF FF FF FF FF FF FF FF FF FF FF FF FF
FF FF FF FF FF FF FF FF FF FF FF FF FF FF FF FF
!{"command":"INQY","status":{"lowbatt":0,"jam":0,"err":0,"pkterr":0,"unproc":1,"full":0,"bsy":0,"chk_err":0}}
!{"command":"DATA","compressed":0,"more":1}
FF FF FF FF FF FF FF FF FF FF FF FF FF FF FF FF
FF FF FF FF FF FF FF FF FF FF FF FF FF FF FF FF
27 50 FF 00 B9 44 FF 00 6B 14 FF 00 AA 55 BF 40
7F 00 FF 00 BF 40 FF 00 A7 50 FF 00 ED 10 FF 00
76 01 FF 00 ED 10 FF 00 66 11 FF 00 DF 00 FF 00
EA 15 FF 00 FD 00 FF 00 76 01 FF 00 ED 10 FF 00
A6 51 FF 00 89 54 FF 00 67 10 FF 00 FD 00 FF 00
7B 05 FF 00 DE 01 FF 00 A7 50 EF 10 D9 04 FF 00
B6 51 77 C8 BA 55 F0 0F 3B 45 FF 00 BB 44 FF 00
A7 50 FF 00 FF 00 3F C0 AE 51 1D E2 A2 5D F8 07
A6 51 EF 10 FA 05 FF 00 37 40 FF 00 9C 41 5F A0
AA 55 DF 20 FA 05 3F C0 6A 15 FD 02 95 40 FF 00
EE 11 FF 00 BA 45 FF 00 AA 55 FF 00 BF 40 F3 0C
AE 51 FF 00 EA 15 FF 00 EA 15 FF 00 AA 55 F7 08
AE 51 F7 08 AA 55 FF 00 7A 05 FF 00 ED 10 F7 08
BE 41 FF 00 AB 54 D7 28 AA 55 F5 0A EA 15 FF 00
EA 15 FF 00 EE 11 FF 00 AA 55 5F A0 AA 55 55 AA
EB 14 F7 08 EA 15 FF 00 EE 11 FF 00 AA 55 7F 80
FF FF FF FF FF FF FF FF FF FF FF FF FF FF FF FF
FF FF FF FF FF FF FF FF FF FF FF FF FF FF FF FF
FF FF FF FF FF FF FF FF FF FF FF FF FF FF FF FF
FF FF FF FF FF FF FF FF FF FF FF FF FF FF FF FF
2E 51 DF 20 AA 55 FF 00 AA 55 DC 23 AA 55 B3 4C
AE 51 FF 00 AA 55 FF 00 AA 55 EF 10 AA 55 BF 40
77 00 FF 00 AD 50 FF 00 A6 51 FF 00 8B 54 FF 00
72 05 FF 00 FF 00 FF 00 72 05 FF 00 BD 40 FF 00
66 11 FF 00 BF 40 FF 00 63 14 FE 01 FD 00 FF 00
6F 10 FF 00 BB 44 FF 00 66 11 FF 00 A3 54 FF 00
A6 51 FF 00 C9 14 FF 00 6F 10 FF 00 FF 00 FF 00
36 41 FF 00 5B 04 FF 00 7F 00 FF 00 9A 45 FF 00
AA 55 9F 70 EE 15 F4 0B 76 01 EF 10 DD 00 FF 00
77 00 FF 00 FA 05 7F 80 AB 54 E4 1B BA 45 FE 01
35 43 FF 00 BD 40 FF 00 7E 01 FF 00 AF 50 3F C0
AE 51 9F 60 69 14 FC 03 F7 00 FF 00 EF 10 FF 00
AE 51 FF 00 EB 14 7F 80 2A 55 F3 0C FE 01 FF 00
EE 11 DF 20 AA 55 FF 00 AA 55 F7 08 AA 55 C7 38
AA 55 DF 20 AA 55 7F 80 AA 55 D7 28 AA 55 17 E8
AA 55 44 BB AA 55 34 CB AA 55 4D B2 AA 55 44 BB
FF FF FF FF FF FF FF FF FF FF FF FF FF FF FF FF
FF FF FF FF FF FF FF FF FF FF FF FF FF FF FF FF
!{"command":"DATA","compressed":0,"more":1}
FF FF FF FF FF FF FF FF FF FF FF FF FF FF FF FF
FF FF FF FF FF FF FF FF FF FF FF FF FF FF FF FF
FF FF FF FF FF FF FF FF FF FF FF FF FF FF FF FF
FF FF FF FF FF FF FF FF FF FF FF FF FF FF FF FF
FF FF FF FF FF FF FF FF FF FF FF FF FF FF FF FF
FF FF FF FF FF FF FF FF FF FF FF FF FF FF FF FF
FF FF FF FF FF FF FE FF FC FE FC F8 F9 F1 E3 F3
FF FF FF FF FF FF 77 8F 0E 07 87 7E FC FE FE FC
FF FF FF FF FF FF BF 7E 3C 3E 1E 3C 18 3C 18 3C
FF FF FF FF FF FF 77 FB F1 73 61 73 21 63 20 43
FF FF FF FF FF FF 7B 87 81 03 83 3F 3F 3F 37 0F
FF FF FF FF FF FF BB C7 C3 83 D9 83 C1 9B 82 83
FF FF FF FF FF FF DE E3 C3 80 25 98 19 3C 78 3C
FF FF FF FF FF FF BB 7D 71 39 03 33 23 87 CF 87
FF FF AF D5 FB D5 FB D5 FF FF FF FF FF FF FF FF
FF FF FF FF FF FF FF FF FF FF FF FF FF FF FF FF
FF FF FF FF FF FF FF FF FF FF FF FF FF FF FF FF
FF FF FF FF FF FF FF FF FF FF FF FF FF FF FF FF
FF FF FF FF FF FF FF FF FF FF FF FF FF FF FF FF
FF FF FF FF FF FF FF FF FF FF FF FF FF FF FF FF
FF FF FF FF FF FF FF FF FF FF FF FF FF FF FF FF
FF FF FF FF FF FF FF FF FF FF FF FF FF FF FF FF
FF FF FF FF FF FF FF FF FF FF FF FF FF FF FF FF
FF FF FF FF FF FF FF FF FF FF FF FF FF FF FF FF
FF FF FF FF FF FF FF FF FF FF FF FF FF FF FF FF
FF FF FF FF FF FF FF FF FF FF FF FF FF FF FF FF
E3 F3 F7 E3 E3 F3 F0 F3 F0 F8 FA FC FF FF FF FF
F9 FC 9C 08 88 18 5B 91 03 13 07 33 FF FF FF FF
3D 98 3A 19 93 19 D1 93 C3 93 A7 D3 FF FF FF FF
48 03 18 0B 80 1B B3 18 33 B8 B1 FA FF FF FF FF
0F 07 37 0F 3F 7F 03 7F 01 03 07 03 FF FF FF FF
83 82 38 91 3C 99 A8 11 01 03 8B 07 FF FF FF FF
79 3C 7D 38 78 39 4B 31 81 03 CB 87 FF FF FF FF
8F CF 8F DF CF 9F CF 9F CF 9F FF 9F FF FF FF FF
FF FF FF FF FF FF FF FF FF FF FF FF FF FF FF FF
FF FF FF FF FF FF FF FF FF FF FF FF FF FF FF FF
FF FF FF FF FF FF FF FF FF FF FF FF FF FF FF FF
FF FF FF FF FF FF FF FF FF FF FF FF FF FF FF FF
FF FF FF FF FF FF FF FF FF FF FF FF FF FF FF FF
FF FF FF FF FF FF FF FF FF FF FF FF FF FF FF FF
!{"command":"DATA","compressed":0,"more":0}
!{"command":"PRNT","sheets":1,"margin_upper":1,"margin_lower":3,"pallet":228,"density":64 }
!{"command":"INQY","status":{"lowbatt":0,"jam":0,"err":0,"pkterr":0,"unproc":0,"full":1,"bsy":1,"chk_err":0}}
!{"command":"INQY","status":{"lowbatt":0,"jam":0,"err":0,"pkterr":0,"unproc":0,"full":1,"bsy":1,"chk_err":0}}
!{"command":"INQY","status":{"lowbatt":0,"jam":0,"err":0,"pkterr":0,"unproc":0,"full":1,"bsy":1,"chk_err":0}}
!{"command":"INQY","status":{"lowbatt":0,"jam":0,"err":0,"pkterr":0,"unproc":0,"full":1,"bsy":1,"chk_err":0}}
!{"command":"INQY","status":{"lowbatt":0,"jam":0,"err":0,"pkterr":0,"unproc":0,"full":1,"bsy":1,"chk_err":0}}
!{"command":"INQY","status":{"lowbatt":0,"jam":0,"err":0,"pkterr":0,"unproc":0,"full":1,"bsy":1,"chk_err":0}}
!{"command":"INQY","status":{"lowbatt":0,"jam":0,"err":0,"pkterr":0,"unproc":0,"full":1,"bsy":1,"chk_err":0}}
!{"command":"INQY","status":{"lowbatt":0,"jam":0,"err":0,"pkterr":0,"unproc":0,"full":1,"bsy":1,"chk_err":0}}
!{"command":"INQY","status":{"lowbatt":0,"jam":0,"err":0,"pkterr":0,"unproc":0,"full":1,"bsy":1,"chk_err":0}}
!{"command":"INQY","status":{"lowbatt":0,"jam":0,"err":0,"pkterr":0,"unproc":0,"full":1,"bsy":1,"chk_err":0}}
!{"command":"INQY","status":{"lowbatt":0,"jam":0,"err":0,"pkterr":0,"unproc":0,"full":1,"bsy":1,"chk_err":0}}
!{"command":"INQY","status":{"lowbatt":0,"jam":0,"err":0,"pkterr":0,"unproc":0,"full":1,"bsy":1,"chk_err":0}}
!{"command":"INQY","status":{"lowbatt":0,"jam":0,"err":0,"pkterr":0,"unproc":0,"full":1,"bsy":1,"chk_err":0}}
!{"command":"INQY","status":{"lowbatt":0,"jam":0,"err":0,"pkterr":0,"unproc":0,"full":1,"bsy":1,"chk_err":0}}
!{"command":"INQY","status":{"lowbatt":0,"jam":0,"err":0,"pkterr":0,"unproc":0,"full":1,"bsy":1,"chk_err":0}}
!{"command":"INQY","status":{"lowbatt":0,"jam":0,"err":0,"pkterr":0,"unproc":0,"full":1,"bsy":1,"chk_err":0}}
!{"command":"INQY","status":{"lowbatt":0,"jam":0,"err":0,"pkterr":0,"unproc":0,"full":1,"bsy":1,"chk_err":0}}
!{"command":"INQY","status":{"lowbatt":0,"jam":0,"err":0,"pkterr":0,"unproc":0,"full":1,"bsy":1,"chk_err":0}}
!{"command":"INQY","status":{"lowbatt":0,"jam":0,"err":0,"pkterr":0,"unproc":0,"full":1,"bsy":1,"chk_err":0}}
!{"command":"INQY","status":{"lowbatt":0,"jam":0,"err":0,"pkterr":0,"unproc":0,"full":1,"bsy":1,"chk_err":0}}
# Finished Pretending To Print for fun!
!{"command":"INQY","status":{"lowbatt":0,"jam":0,"err":0,"pkterr":0,"unproc":0,"full":1,"bsy":0,"chk_err":0}}
